mktextfm songti/OT
mktextfm songti/OT
mktextfm songti/OT
mktextfm songti/BI/OT
mktextfm songti/OT
mktextfm songti/B/OT
mktextfm songti/OT
mktextfm songti/I/OT
mktextfm songti/OT
mktextfm songti/OT
mktextfm songti/OT
mktextfm songti/OT
mktextfm songti/OT
mktextfm songti/OT
mktextfm songti/BI/OT
mktextfm songti/OT
mktextfm songti/B/OT
mktextfm songti/OT
mktextfm songti/I/OT
mktextfm songti/OT
mktextfm songti/OT
mktextfm songti/OT
mktextfm songti/OT
mktextfm songti/OT
mktextfm songti/OT
mktextfm songti/BI/OT
mktextfm songti/OT
mktextfm songti/B/OT
mktextfm songti/OT
mktextfm songti/I/OT
mktextfm songti/OT
mktextfm songti/OT
mktextfm songti/OT
mktextfm Simhei/OT
mktextfm Simhei/OT
mktextfm Simhei/OT
mktextfm Simhei/BI/OT
mktextfm Simhei/OT
mktextfm Simhei/B/OT
mktextfm Simhei/OT
mktextfm Simhei/I/OT
mktextfm Simhei/OT
mktextfm Simhei/OT
mktextfm Simhei/OT
