\BOOKMARK [0][-]{chapter*.1}{\376\377\144\130\000\040\211\201}{}% 1
\BOOKMARK [0][-]{chapter*.2}{\376\377\000A\000b\000s\000t\000r\000a\000c\000t}{}% 2
\BOOKMARK [0][-]{chapter.1}{\376\377\173\054\000\040\0001\000\040\172\340\000\040\000\040\176\352\000\040\213\272}{}% 3
\BOOKMARK [1][-]{section.1.1}{\376\377\0001\000.\0001\000\040\137\025\212\000}{chapter.1}% 4
\BOOKMARK [1][-]{section.1.2}{\376\377\0001\000.\0002\000\040\213\376\230\230\170\024\172\166\200\314\146\157\123\312\141\017\116\111}{chapter.1}% 5
\BOOKMARK [1][-]{section.1.3}{\376\377\0001\000.\0003\000\040\126\375\121\205\131\026\170\024\172\166\163\260\162\266}{chapter.1}% 6
\BOOKMARK [2][-]{subsection.1.3.1}{\376\377\0001\000.\0003\000.\0001\000\040\126\375\121\205\170\024\172\166\163\260\162\266}{section.1.3}% 7
\BOOKMARK [2][-]{subsection.1.3.2}{\376\377\0001\000.\0003\000.\0002\000\040\126\375\131\026\170\024\172\166\163\260\162\266}{section.1.3}% 8
\BOOKMARK [1][-]{section.1.4}{\376\377\0001\000.\0004\000\040\170\024\172\166\121\205\133\271\123\312\176\323\147\204\133\211\143\222}{chapter.1}% 9
\BOOKMARK [0][-]{chapter.2}{\376\377\173\054\000\040\0002\000\040\172\340\000\040\000\040\227\136\121\370\117\030\123\026\116\016\155\361\136\246\133\146\116\140\127\372\147\054\164\006\213\272}{}% 10
\BOOKMARK [1][-]{section.2.1}{\376\377\0002\000.\0001\000\040\137\025\212\000}{chapter.2}% 11
\BOOKMARK [1][-]{section.2.2}{\376\377\0002\000.\0002\000\040\227\136\121\370\117\030\123\026\166\204\127\372\147\054\225\356\230\230\116\016\117\030\123\026\173\227\154\325}{chapter.2}% 12
\BOOKMARK [2][-]{subsection.2.2.1}{\376\377\0002\000.\0002\000.\0001\000\040\116\073\211\201\151\202\137\365}{section.2.2}% 13
\BOOKMARK [2][-]{subsection.2.2.2}{\376\377\0002\000.\0002\000.\0002\000\040\127\372\147\054\166\204\227\136\121\370\225\356\230\230}{section.2.2}% 14
\BOOKMARK [2][-]{subsection.2.2.3}{\376\377\0002\000.\0002\000.\0003\000\040\127\372\147\054\166\204\227\136\121\370\117\030\123\026\173\227\154\325}{section.2.2}% 15
\BOOKMARK [1][-]{section.2.3}{\376\377\0002\000.\0003\000\040\155\361\136\246\133\146\116\140\127\372\147\054\123\237\164\006\116\016\126\376\120\317\123\273\126\152\136\224\165\050}{chapter.2}% 16
\BOOKMARK [2][-]{subsection.2.3.1}{\376\377\0002\000.\0003\000.\0001\000\040\155\361\136\246\123\167\171\357\171\136\176\317\177\121\176\334}{section.2.3}% 17
\BOOKMARK [2][-]{subsection.2.3.2}{\376\377\0002\000.\0003\000.\0002\000\040\127\372\116\216\155\361\136\246\133\146\116\140\166\204\126\376\120\317\123\273\126\152\173\227\154\325}{section.2.3}% 18
\BOOKMARK [1][-]{section.2.4}{\376\377\0002\000.\0004\000\040\147\054\172\340\134\017\176\323}{chapter.2}% 19
\BOOKMARK [0][-]{chapter.3}{\376\377\173\054\000\040\0003\000\040\172\340\000\040\000\040\127\372\116\216\121\161\213\306\145\271\172\013\166\204\177\026\170\001\210\115\134\004\142\020\120\317\173\227\154\325}{}% 20
\BOOKMARK [1][-]{section.3.1}{\376\377\0003\000.\0001\000\040\137\025\212\000}{chapter.3}% 21
\BOOKMARK [1][-]{section.3.2}{\376\377\0003\000.\0002\000\040\126\376\120\317\123\273\126\152\173\227\154\325\166\204\122\051\146\156\136\014\203\050\176\246\147\137}{chapter.3}% 22
\BOOKMARK [1][-]{section.3.3}{\376\377\0003\000.\0003\000\040\127\372\116\216\123\163\143\322\123\163\165\050\121\110\232\214\166\204\177\026\170\001\210\115\134\004\142\020\120\317\173\227\154\325}{chapter.3}% 23
\BOOKMARK [2][-]{subsection.3.3.1}{\376\377\0003\000.\0003\000.\0001\000\040\123\163\143\322\123\163\165\050\000A\000D\000M\000M\173\227\154\325}{section.3.3}% 24
\BOOKMARK [2][-]{subsection.3.3.2}{\376\377\0003\000.\0003\000.\0002\000\040\123\163\143\322\123\163\165\050\220\273\217\321\150\257\136\246\173\227\154\325}{section.3.3}% 25
\BOOKMARK [1][-]{section.3.4}{\376\377\0003\000.\0004\000\040\127\372\116\216\123\273\126\152\153\143\122\031\123\026\121\110\232\214\166\204\177\026\170\001\210\115\134\004\142\020\120\317\173\227\154\325}{chapter.3}% 26
\BOOKMARK [1][-]{section.3.5}{\376\377\0003\000.\0005\000\040\116\316\121\161\213\306\117\030\123\026\122\060\121\161\213\306\145\271\172\013}{chapter.3}% 27
\BOOKMARK [1][-]{section.3.6}{\376\377\0003\000.\0006\000\040\127\372\116\216\121\161\213\306\145\271\172\013\166\204\177\026\170\001\210\115\134\004\142\020\120\317\173\227\154\325}{chapter.3}% 28
\BOOKMARK [1][-]{section.3.7}{\376\377\0003\000.\0007\000\040\133\236\232\214\176\323\147\234\123\312\122\006\147\220}{chapter.3}% 29
\BOOKMARK [2][-]{subsection.3.7.1}{\376\377\0003\000.\0007\000.\0001\000\040\133\236\214\061\137\122\116\000\123\026\147\011\145\110\140\047\232\214\213\301}{section.3.7}% 30
\BOOKMARK [2][-]{subsection.3.7.2}{\376\377\0003\000.\0007\000.\0002\000\040\000T\000A\000C\000E\123\312\121\166\133\371\153\324\173\227\154\325\123\302\145\160\213\276\177\156}{section.3.7}% 31
\BOOKMARK [2][-]{subsection.3.7.3}{\376\377\0003\000.\0007\000.\0003\000\040\142\227\232\330\145\257\126\152\130\360\152\041\127\213}{section.3.7}% 32
\BOOKMARK [2][-]{subsection.3.7.4}{\376\377\0003\000.\0007\000.\0004\000\040\142\227\154\312\147\176\126\152\130\360\152\041\127\213}{section.3.7}% 33
\BOOKMARK [1][-]{section.3.8}{\376\377\0003\000.\0008\000\040\147\054\172\340\134\017\176\323}{chapter.3}% 34
\BOOKMARK [0][-]{chapter.4}{\376\377\173\054\000\040\0004\000\040\172\340\000\040\000\040\127\372\116\216\116\000\226\066\226\217\147\072\117\030\123\026\166\204\177\026\170\001\210\115\134\004\142\020\120\317\173\227\154\325}{}% 35
\BOOKMARK [1][-]{section.4.1}{\376\377\0004\000.\0001\000\040\137\025\212\000}{chapter.4}% 36
\BOOKMARK [1][-]{section.4.2}{\376\377\0004\000.\0002\000\040\127\372\116\216\150\257\136\246\166\204\116\000\226\066\226\217\147\072\117\030\123\026\173\227\154\325}{chapter.4}% 37
\BOOKMARK [1][-]{section.4.3}{\376\377\0004\000.\0003\000\040\127\372\116\216\116\000\226\066\226\217\147\072\117\030\123\026\166\204\177\026\170\001\210\115\134\004\142\020\120\317\173\227\154\325}{chapter.4}% 38
\BOOKMARK [1][-]{section.4.4}{\376\377\0004\000.\0004\000\040\133\236\232\214\176\323\147\234\123\312\122\006\147\220}{chapter.4}% 39
\BOOKMARK [2][-]{subsection.4.4.1}{\376\377\0004\000.\0004\000.\0001\000\040\142\227\232\330\145\257\126\152\130\360\152\041\127\213}{section.4.4}% 40
\BOOKMARK [2][-]{subsection.4.4.2}{\376\377\0004\000.\0004\000.\0002\000\040\142\227\154\312\147\176\126\152\130\360\152\041\127\213}{section.4.4}% 41
\BOOKMARK [1][-]{section.4.5}{\376\377\0004\000.\0005\000\040\147\054\172\340\134\017\176\323}{chapter.4}% 42
\BOOKMARK [0][-]{chapter.5}{\376\377\173\054\000\040\0005\000\040\172\340\000\040\000\040\127\372\116\216\155\361\136\246\126\376\120\317\121\110\232\214\166\204\123\213\177\051\166\370\117\115\140\142\131\015\173\227\154\325}{}% 43
\BOOKMARK [1][-]{section.5.1}{\376\377\0005\000.\0001\000\040\137\025\212\000}{chapter.5}% 44
\BOOKMARK [1][-]{section.5.2}{\376\377\0005\000.\0002\000\040\155\361\136\246\126\376\120\317\121\110\232\214}{chapter.5}% 45
\BOOKMARK [1][-]{section.5.3}{\376\377\0005\000.\0003\000\040\127\372\116\216\155\361\136\246\126\376\120\317\121\110\232\214\207\215\124\010\000R\000E\000D\153\143\122\031\230\171\166\204\123\213\177\051\166\370\117\115\140\142\131\015\173\227\154\325}{chapter.5}% 46
\BOOKMARK [1][-]{section.5.4}{\376\377\0005\000.\0004\000\040\133\236\232\214\176\323\147\234\123\312\122\006\147\220}{chapter.5}% 47
\BOOKMARK [2][-]{subsection.5.4.1}{\376\377\0005\000.\0004\000.\0001\000\040\145\340\126\152\130\360\140\305\121\265\116\013\166\204\123\213\177\051\166\370\117\115\140\142\131\015}{section.5.4}% 48
\BOOKMARK [2][-]{subsection.5.4.2}{\376\377\0005\000.\0004\000.\0002\000\040\124\053\126\152\140\305\121\265\116\013\166\204\123\213\177\051\166\370\117\115\140\142\131\015}{section.5.4}% 49
\BOOKMARK [1][-]{section.5.5}{\376\377\0005\000.\0005\000\040\147\054\172\340\134\017\176\323}{chapter.5}% 50
\BOOKMARK [0][-]{chapter*.54}{\376\377\176\323\000\040\213\272}{}% 51
\BOOKMARK [0][-]{chapter*.55}{\376\377\123\302\200\003\145\207\163\056}{}% 52
\BOOKMARK [0][-]{chapter*.56}{\376\377\145\073\213\373\170\125\130\353\133\146\117\115\147\037\225\364\142\177\142\305\166\204\171\321\170\024\116\373\122\241\116\016\116\073\211\201\142\020\147\234}{}% 53
\BOOKMARK [0][-]{chapter*.57}{\376\377\201\364\000\040\214\042}{}% 54
