This is XeTeX, Version 3.14159265-2.6-0.999991 (TeX Live 2019/W32TeX) (preloaded format=xelatex 2020.1.3)  4 JAN 2022 22:23
entering extended mode
 \write18 enabled.
 %&-line parsing enabled.
**template.tex
(./template.tex
LaTeX2e <2019-10-01> patch level 3
(./YSUthesis.cls
Document Class: YSUthesis 2020/12/30 v0.3.3 YSUthesis document class
(d:/Software/texlive/2019/texmf-dist/tex/latex/ctex/ctexbook.cls
(d:/Software/texlive/2019/texmf-dist/tex/latex/l3kernel/expl3.sty
Package: expl3 2019-11-07 L3 programming layer (loader) 

(d:/Software/texlive/2019/texmf-dist/tex/latex/l3kernel/expl3-code.tex
Package: expl3 2019-11-07 L3 programming layer (code)
\c_max_int=\count80
\l_tmpa_int=\count81
\l_tmpb_int=\count82
\g_tmpa_int=\count83
\g_tmpb_int=\count84
\l__seq_internal_a_int=\count85
\l__seq_internal_b_int=\count86
\g__kernel_prg_map_int=\count87
\c__ior_term_noprompt_ior=\count88
\c_log_iow=\count89
\l_iow_line_count_int=\count90
\l__iow_line_target_int=\count91
\l__iow_one_indent_int=\count92
\l__iow_indent_int=\count93
\c_zero_dim=\dimen102
\c_max_dim=\dimen103
\l_tmpa_dim=\dimen104
\l_tmpb_dim=\dimen105
\g_tmpa_dim=\dimen106
\g_tmpb_dim=\dimen107
\c_zero_skip=\skip41
\c_max_skip=\skip42
\l_tmpa_skip=\skip43
\l_tmpb_skip=\skip44
\g_tmpa_skip=\skip45
\g_tmpb_skip=\skip46
\c_zero_muskip=\muskip10
\c_max_muskip=\muskip11
\l_tmpa_muskip=\muskip12
\l_tmpb_muskip=\muskip13
\g_tmpa_muskip=\muskip14
\g_tmpb_muskip=\muskip15
\l_keys_choice_int=\count94
\l__intarray_loop_int=\count95
\c__intarray_sp_dim=\dimen108
\g__intarray_font_int=\count96
\c__fp_leading_shift_int=\count97
\c__fp_middle_shift_int=\count98
\c__fp_trailing_shift_int=\count99
\c__fp_big_leading_shift_int=\count100
\c__fp_big_middle_shift_int=\count101
\c__fp_big_trailing_shift_int=\count102
\c__fp_Bigg_leading_shift_int=\count103
\c__fp_Bigg_middle_shift_int=\count104
\c__fp_Bigg_trailing_shift_int=\count105
\g__fp_array_int=\count106
\l__fp_array_loop_int=\count107
\l__sort_length_int=\count108
\l__sort_min_int=\count109
\l__sort_top_int=\count110
\l__sort_max_int=\count111
\l__sort_true_max_int=\count112
\l__sort_block_int=\count113
\l__sort_begin_int=\count114
\l__sort_end_int=\count115
\l__sort_A_int=\count116
\l__sort_B_int=\count117
\l__sort_C_int=\count118
\l__str_internal_int=\count119
\l__tl_analysis_normal_int=\count120
\l__tl_analysis_index_int=\count121
\l__tl_analysis_nesting_int=\count122
\l__tl_analysis_type_int=\count123
\l__regex_internal_a_int=\count124
\l__regex_internal_b_int=\count125
\l__regex_internal_c_int=\count126
\l__regex_balance_int=\count127
\l__regex_group_level_int=\count128
\l__regex_mode_int=\count129
\c__regex_cs_in_class_mode_int=\count130
\c__regex_cs_mode_int=\count131
\l__regex_catcodes_int=\count132
\l__regex_default_catcodes_int=\count133
\c__regex_catcode_L_int=\count134
\c__regex_catcode_O_int=\count135
\c__regex_catcode_A_int=\count136
\c__regex_all_catcodes_int=\count137
\l__regex_show_lines_int=\count138
\l__regex_min_state_int=\count139
\l__regex_max_state_int=\count140
\l__regex_left_state_int=\count141
\l__regex_right_state_int=\count142
\l__regex_capturing_group_int=\count143
\l__regex_min_pos_int=\count144
\l__regex_max_pos_int=\count145
\l__regex_curr_pos_int=\count146
\l__regex_start_pos_int=\count147
\l__regex_success_pos_int=\count148
\l__regex_curr_char_int=\count149
\l__regex_curr_catcode_int=\count150
\l__regex_last_char_int=\count151
\l__regex_case_changed_char_int=\count152
\l__regex_curr_state_int=\count153
\l__regex_step_int=\count154
\l__regex_min_active_int=\count155
\l__regex_max_active_int=\count156
\l__regex_replacement_csnames_int=\count157
\l__regex_match_count_int=\count158
\l__regex_min_submatch_int=\count159
\l__regex_submatch_int=\count160
\l__regex_zeroth_submatch_int=\count161
\g__regex_trace_regex_int=\count162
\c_empty_box=\box27
\l_tmpa_box=\box28
\l_tmpb_box=\box29
\g_tmpa_box=\box30
\g_tmpb_box=\box31
\l__box_top_dim=\dimen109
\l__box_bottom_dim=\dimen110
\l__box_left_dim=\dimen111
\l__box_right_dim=\dimen112
\l__box_top_new_dim=\dimen113
\l__box_bottom_new_dim=\dimen114
\l__box_left_new_dim=\dimen115
\l__box_right_new_dim=\dimen116
\l__box_internal_box=\box32
\l__coffin_internal_box=\box33
\l__coffin_internal_dim=\dimen117
\l__coffin_offset_x_dim=\dimen118
\l__coffin_offset_y_dim=\dimen119
\l__coffin_x_dim=\dimen120
\l__coffin_y_dim=\dimen121
\l__coffin_x_prime_dim=\dimen122
\l__coffin_y_prime_dim=\dimen123
\c_empty_coffin=\box34
\l__coffin_aligned_coffin=\box35
\l__coffin_aligned_internal_coffin=\box36
\l_tmpa_coffin=\box37
\l_tmpb_coffin=\box38
\g_tmpa_coffin=\box39
\g_tmpb_coffin=\box40
\l__coffin_bounding_shift_dim=\dimen124
\l__coffin_left_corner_dim=\dimen125
\l__coffin_right_corner_dim=\dimen126
\l__coffin_bottom_corner_dim=\dimen127
\l__coffin_top_corner_dim=\dimen128
\l__coffin_scaled_total_height_dim=\dimen129
\l__coffin_scaled_width_dim=\dimen130
\c__coffin_empty_coffin=\box41
\l__coffin_display_coffin=\box42
\l__coffin_display_coord_coffin=\box43
\l__coffin_display_pole_coffin=\box44
\l__coffin_display_offset_dim=\dimen131
\l__coffin_display_x_dim=\dimen132
\l__coffin_display_y_dim=\dimen133
\g__char_data_ior=\read1

(d:/Software/texlive/2019/texmf-dist/tex/latex/l3kernel/l3deprecation.def
File: l3deprecation.def 2019-04-06 v L3 Deprecated functions
))
(d:/Software/texlive/2019/texmf-dist/tex/latex/l3backend/l3backend-xdvipdfmx.de
f
File: l3backend-xdvipdfmx.def 2019-04-06 L3 backend support: xdvipdfmx
\g__graphics_track_int=\count163
\l__pdf_internal_box=\box45
\g__pdf_backend_object_int=\count164
\g__pdf_backend_annotation_int=\count165
))
Document Class: ctexbook 2019/05/29 v2.4.16 Chinese adapter for class book (CTE
X)
(d:/Software/texlive/2019/texmf-dist/tex/latex/l3packages/xparse/xparse.sty
Package: xparse 2019-10-11 L3 Experimental document command parser
\l__xparse_current_arg_int=\count166
\g__xparse_grabber_int=\count167
\l__xparse_m_args_int=\count168
\l__xparse_v_nesting_int=\count169
)
(d:/Software/texlive/2019/texmf-dist/tex/latex/l3packages/l3keys2e/l3keys2e.sty
Package: l3keys2e 2019-10-11 LaTeX2e option processing using LaTeX3 keys
) (d:/Software/texlive/2019/texmf-dist/tex/latex/ctex/ctexhook.sty
Package: ctexhook 2019/05/29 v2.4.16 Document and package hooks (CTEX)
)
(d:/Software/texlive/2019/texmf-dist/tex/latex/ctex/ctexpatch.sty
Package: ctexpatch 2019/05/29 v2.4.16 Patching commands (CTEX)
)
(d:/Software/texlive/2019/texmf-dist/tex/latex/base/fix-cm.sty
Package: fix-cm 2015/01/14 v1.1t fixes to LaTeX

(d:/Software/texlive/2019/texmf-dist/tex/latex/base/ts1enc.def
File: ts1enc.def 2001/06/05 v3.0e (jk/car/fm) Standard LaTeX file
))
(d:/Software/texlive/2019/texmf-dist/tex/latex/ms/everysel.sty
Package: everysel 2011/10/28 v1.2 EverySelectfont Package (MS)
)
\l__ctex_tmp_int=\count170
\l__ctex_tmp_box=\box46
\l__ctex_tmp_dim=\dimen134
\g__ctex_section_depth_int=\count171
\g__ctex_font_size_int=\count172

(d:/Software/texlive/2019/texmf-dist/tex/latex/ctex/config/ctexopts.cfg
File: ctexopts.cfg 2019/05/29 v2.4.16 Option configuration file (CTEX)
)
(d:/Software/texlive/2019/texmf-dist/tex/latex/base/book.cls
Document Class: book 2019/10/25 v1.4k Standard LaTeX document class
(d:/Software/texlive/2019/texmf-dist/tex/latex/base/bk12.clo
File: bk12.clo 2019/10/25 v1.4k Standard LaTeX file (size option)
)
\c@part=\count173
\c@chapter=\count174
\c@section=\count175
\c@subsection=\count176
\c@subsubsection=\count177
\c@paragraph=\count178
\c@subparagraph=\count179
\c@figure=\count180
\c@table=\count181
\abovecaptionskip=\skip47
\belowcaptionskip=\skip48
\bibindent=\dimen135
)
(d:/Software/texlive/2019/texmf-dist/tex/latex/ctex/engine/ctex-engine-xetex.de
f
File: ctex-engine-xetex.def 2019/05/29 v2.4.16 XeLaTeX adapter (CTEX)
 (d:/Software/texlive/2019/texmf-dist/tex/xelatex/xecjk/xeCJK.sty
Package: xeCJK 2019/06/02 v3.7.4 Typesetting CJK scripts with XeLaTeX

(d:/Software/texlive/2019/texmf-dist/tex/latex/l3packages/xtemplate/xtemplate.s
ty
Package: xtemplate 2019-10-11 L3 Experimental prototype document functions
\l__xtemplate_tmp_dim=\dimen136
\l__xtemplate_tmp_int=\count182
\l__xtemplate_tmp_muskip=\muskip16
\l__xtemplate_tmp_skip=\skip49
)
\l__xeCJK_tmp_int=\count183
\l__xeCJK_tmp_box=\box47
\l__xeCJK_tmp_dim=\dimen137
\l__xeCJK_tmp_skip=\skip50
\g__xeCJK_space_factor_int=\count184
\l__xeCJK_begin_int=\count185
\l__xeCJK_end_int=\count186
\c__xeCJK_CJK_class_int=\XeTeXcharclass1
\c__xeCJK_FullLeft_class_int=\XeTeXcharclass2
\c__xeCJK_FullRight_class_int=\XeTeXcharclass3
\c__xeCJK_HalfLeft_class_int=\XeTeXcharclass4
\c__xeCJK_HalfRight_class_int=\XeTeXcharclass5
\c__xeCJK_NormalSpace_class_int=\XeTeXcharclass6
\c__xeCJK_CM_class_int=\XeTeXcharclass7
\c__xeCJK_HangulJamo_class_int=\XeTeXcharclass8
\l__xeCJK_last_skip=\skip51
\g__xeCJK_node_int=\count187
\c__xeCJK_CJK_node_dim=\dimen138
\c__xeCJK_CJK-space_node_dim=\dimen139
\c__xeCJK_default_node_dim=\dimen140
\c__xeCJK_default-space_node_dim=\dimen141
\c__xeCJK_CJK-widow_node_dim=\dimen142
\c__xeCJK_normalspace_node_dim=\dimen143
\l__xeCJK_ccglue_skip=\skip52
\l__xeCJK_ecglue_skip=\skip53
\l__xeCJK_punct_kern_skip=\skip54
\l__xeCJK_last_penalty_int=\count188
\l__xeCJK_last_bound_dim=\dimen144
\l__xeCJK_last_kern_dim=\dimen145
\l__xeCJK_widow_penalty_int=\count189

Package xtemplate Info: Declaring object type 'xeCJK/punctuation' taking 0
(xtemplate)             argument(s) on line 2323.

\l__xeCJK_fixed_punct_width_dim=\dimen146
\l__xeCJK_mixed_punct_width_dim=\dimen147
\l__xeCJK_middle_punct_width_dim=\dimen148
\l__xeCJK_fixed_margin_width_dim=\dimen149
\l__xeCJK_mixed_margin_width_dim=\dimen150
\l__xeCJK_middle_margin_width_dim=\dimen151
\l__xeCJK_bound_punct_width_dim=\dimen152
\l__xeCJK_bound_margin_width_dim=\dimen153
\l__xeCJK_margin_minimum_dim=\dimen154
\l__xeCJK_kerning_total_width_dim=\dimen155
\l__xeCJK_same_align_margin_dim=\dimen156
\l__xeCJK_different_align_margin_dim=\dimen157
\l__xeCJK_kerning_margin_width_dim=\dimen158
\l__xeCJK_kerning_margin_minimum_dim=\dimen159
\l__xeCJK_bound_dim=\dimen160
\l__xeCJK_reverse_bound_dim=\dimen161
\l__xeCJK_margin_dim=\dimen162
\l__xeCJK_minimum_bound_dim=\dimen163
\l__xeCJK_kerning_margin_dim=\dimen164
\g__xeCJK_family_int=\count190
\l__xeCJK_fam_int=\count191
\g__xeCJK_fam_allocation_int=\count192
\l__xeCJK_verb_case_int=\count193
\l__xeCJK_verb_exspace_skip=\skip55
 (d:/Software/texlive/2019/texmf-dist/tex/latex/fontspec/fontspec.sty
Package: fontspec 2019/10/19 v2.7d Font selection for XeLaTeX and LuaLaTeX

(d:/Software/texlive/2019/texmf-dist/tex/latex/fontspec/fontspec-xetex.sty
Package: fontspec-xetex 2019/10/19 v2.7d Font selection for XeLaTeX and LuaLaTe
X
\l__fontspec_script_int=\count194
\l__fontspec_language_int=\count195
\l__fontspec_strnum_int=\count196
\l__fontspec_tmp_int=\count197
\l__fontspec_tmpa_int=\count198
\l__fontspec_tmpb_int=\count199
\l__fontspec_tmpc_int=\count266
\l__fontspec_em_int=\count267
\l__fontspec_emdef_int=\count268
\l__fontspec_strong_int=\count269
\l__fontspec_strongdef_int=\count270
\l__fontspec_tmpa_dim=\dimen165
\l__fontspec_tmpb_dim=\dimen166
\l__fontspec_tmpc_dim=\dimen167

(d:/Software/texlive/2019/texmf-dist/tex/latex/base/fontenc.sty
Package: fontenc 2018/08/11 v2.0j Standard LaTeX package

(d:/Software/texlive/2019/texmf-dist/tex/latex/base/tuenc.def
File: tuenc.def 2018/08/11 v2.0j Standard LaTeX file
LaTeX Font Info:    Redeclaring font encoding TU on input line 82.
))
(d:/Software/texlive/2019/texmf-dist/tex/latex/fontspec/fontspec.cfg)
LaTeX Info: Redefining \itshape on input line 4047.
LaTeX Info: Redefining \slshape on input line 4052.
LaTeX Info: Redefining \scshape on input line 4057.
LaTeX Info: Redefining \upshape on input line 4062.
LaTeX Info: Redefining \em on input line 4092.
LaTeX Info: Redefining \emph on input line 4117.
))
(d:/Software/texlive/2019/texmf-dist/tex/xelatex/xecjk/xeCJK.cfg
File: xeCJK.cfg 2019/06/02 v3.7.4 Configuration file for xeCJK package
))
(d:/Software/texlive/2019/texmf-dist/tex/xelatex/xecjk/xeCJKfntef.sty
Package: xeCJKfntef 2019/06/02 v3.7.4 xeCJK font effect

(d:/Software/texlive/2019/texmf-dist/tex/generic/ulem/ulem.sty
\UL@box=\box48
\UL@hyphenbox=\box49
\UL@skip=\skip56
\UL@hook=\toks14
\UL@height=\dimen168
\UL@pe=\count271
\UL@pixel=\dimen169
\ULC@box=\box50
Package: ulem 2012/05/18
\ULdepth=\dimen170
)
(d:/Software/texlive/2019/texmf-dist/tex/latex/cjk/texinput/CJKfntef.sty
Package: CJKfntef 2015/04/18 4.8.4
\CJK@fntefSkip=\skip57
\CJK@nest=\count272
\CJK@fntefDimen=\dimen171
\CJK@underdotBox=\box51
\CJK@ULbox=\box52
\CJK@underanyskip=\dimen172
)
\l__xeCJK_space_skip=\skip58
\c__xeCJK_ulem-begin_node_dim=\dimen173
\c__xeCJK_null_box=\box53
\l__xeCJK_fntef_box=\box54
\l__xeCJK_under_symbol_box=\box55
\c__xeCJK_filll_skip=\skip59
)
\ccwd=\dimen174
\l__ctex_ccglue_skip=\skip60
)
\l__ctex_ziju_dim=\dimen175

(d:/Software/texlive/2019/texmf-dist/tex/latex/zhnumber/zhnumber.sty
Package: zhnumber 2019/04/07 v2.7 Typesetting numbers with Chinese glyphs
\l__zhnum_scale_int=\count273

(d:/Software/texlive/2019/texmf-dist/tex/latex/zhnumber/zhnumber-utf8.cfg
File: zhnumber-utf8.cfg 2019/04/07 v2.7 Chinese numerals with UTF8 encoding
))
\l__ctex_heading_skip=\skip61

(d:/Software/texlive/2019/texmf-dist/tex/latex/ctex/scheme/ctex-scheme-chinese-
book.def
File: ctex-scheme-chinese-book.def 2019/05/29 v2.4.16 Chinese scheme for book (
CTEX)

(d:/Software/texlive/2019/texmf-dist/tex/latex/ctex/config/ctex-name-utf8.cfg
File: ctex-name-utf8.cfg 2019/05/29 v2.4.16 Caption with encoding UTF8 (CTEX)
)) (d:/Software/texlive/2019/texmf-dist/tex/latex/ctex/ctex-cs4size.clo
File: ctex-cs4size.clo 2019/05/29 v2.4.16 cs4size option (CTEX)
)
(d:/Software/texlive/2019/texmf-dist/tex/latex/ctex/fontset/ctex-fontset-adobe.
def
File: ctex-fontset-adobe.def 2019/05/29 v2.4.16 Adobe fonts definition (CTEX)

Package fontspec Info: Could not resolve font "AdobeKaitiStd-Regular/B" (it
(fontspec)             probably doesn't exist).


Package fontspec Info: Could not resolve font "AdobeHeitiStd-Regular/I" (it
(fontspec)             probably doesn't exist).


Package fontspec Info: Could not resolve font "AdobeSongStd-Light/BI" (it
(fontspec)             probably doesn't exist).


Package fontspec Info: Font family 'AdobeSongStd-Light(0)' created for font
(fontspec)             'AdobeSongStd-Light' with options
(fontspec)             [Script={CJK},BoldFont={AdobeHeitiStd-Regular},ItalicFon
t={AdobeKaitiStd-Regular}].
(fontspec)              
(fontspec)              This font family consists of the following NFSS
(fontspec)             series/shapes:
(fontspec)              
(fontspec)             - 'normal' (m/n) with NFSS spec.:
(fontspec)             <->"AdobeSongStd-Light/OT:script=hani;language=DFLT;"
(fontspec)             - 'small caps'  (m/sc) with NFSS spec.: 
(fontspec)             - 'bold' (bx/n) with NFSS spec.:
(fontspec)             <->"AdobeHeitiStd-Regular/OT:script=hani;language=DFLT;"

(fontspec)             - 'bold small caps'  (bx/sc) with NFSS spec.: 
(fontspec)             - 'italic' (m/it) with NFSS spec.:
(fontspec)             <->"AdobeKaitiStd-Regular/OT:script=hani;language=DFLT;"

(fontspec)             - 'italic small caps'  (m/itsc) with NFSS spec.: 

)) (d:/Software/texlive/2019/texmf-dist/tex/latex/ctex/config/ctex.cfg
File: ctex.cfg 2019/05/29 v2.4.16 Configuration file (CTEX)
)
(d:/Software/texlive/2019/texmf-dist/tex/generic/iftex/ifpdf.sty
Package: ifpdf 2019/10/25 v3.4 ifpdf legacy package. Use iftex instead.

(d:/Software/texlive/2019/texmf-dist/tex/generic/iftex/iftex.sty
Package: iftex 2019/11/07 v1.0c TeX engine tests
))
(d:/Software/texlive/2019/texmf-dist/tex/generic/iftex/ifxetex.sty
Package: ifxetex 2019/10/25 v0.7 ifxetex legacy package. Use iftex instead.
)
(d:/Software/texlive/2019/texmf-dist/tex/latex/graphics/graphicx.sty
Package: graphicx 2017/06/01 v1.1a Enhanced LaTeX Graphics (DPC,SPQR)

(d:/Software/texlive/2019/texmf-dist/tex/latex/graphics/keyval.sty
Package: keyval 2014/10/28 v1.15 key=value parser (DPC)
\KV@toks@=\toks15
)
(d:/Software/texlive/2019/texmf-dist/tex/latex/graphics/graphics.sty
Package: graphics 2019/11/01 v1.3d Standard LaTeX Graphics (DPC,SPQR)

(d:/Software/texlive/2019/texmf-dist/tex/latex/graphics/trig.sty
Package: trig 2016/01/03 v1.10 sin cos tan (DPC)
)
(d:/Software/texlive/2019/texmf-dist/tex/latex/graphics-cfg/graphics.cfg
File: graphics.cfg 2016/06/04 v1.11 sample graphics configuration
)
Package graphics Info: Driver file: xetex.def on input line 105.

(d:/Software/texlive/2019/texmf-dist/tex/latex/graphics-def/xetex.def
File: xetex.def 2017/06/24 v5.0h Graphics/color driver for xetex
))
\Gin@req@height=\dimen176
\Gin@req@width=\dimen177
)
(d:/Software/texlive/2019/texmf-dist/tex/latex/subfigure/subfigure.sty
Package: subfigure 2002/03/15 v2.1.5 subfigure package
\subfigtopskip=\skip62
\subfigcapskip=\skip63
\subfigcaptopadj=\dimen178
\subfigbottomskip=\skip64
\subfigcapmargin=\dimen179
\subfiglabelskip=\skip65
\c@subfigure=\count274
\c@lofdepth=\count275
\c@subtable=\count276
\c@lotdepth=\count277

****************************************
* Local config file subfigure.cfg used *
****************************************
(d:/Software/texlive/2019/texmf-dist/tex/latex/subfigure/subfigure.cfg)
\subfig@top=\skip66
\subfig@bottom=\skip67
)
(d:/Software/texlive/2019/texmf-dist/tex/latex/algorithms/algorithm.sty
Invalid UTF-8 byte or sequence at line 11 replaced by U+FFFD.
Package: algorithm 2009/08/24 v0.1 Document Style `algorithm' - floating enviro
nment

(d:/Software/texlive/2019/texmf-dist/tex/latex/float/float.sty
Package: float 2001/11/08 v1.3d Float enhancements (AL)
\c@float@type=\count278
\float@exts=\toks16
\float@box=\box56
\@float@everytoks=\toks17
\@floatcapt=\box57
)
(d:/Software/texlive/2019/texmf-dist/tex/latex/base/ifthen.sty
Package: ifthen 2014/09/29 v1.1c Standard LaTeX ifthen package (DPC)
)
\@float@every@algorithm=\toks18
\c@algorithm=\count279
)
(d:/Software/texlive/2019/texmf-dist/tex/latex/algorithms/algorithmic.sty
Invalid UTF-8 byte or sequence at line 11 replaced by U+FFFD.
Package: algorithmic 2009/08/24 v0.1 Document Style `algorithmic'
\c@ALC@unique=\count280
\c@ALC@line=\count281
\c@ALC@rem=\count282
\c@ALC@depth=\count283
\ALC@tlm=\skip68
\algorithmicindent=\skip69
)
(d:/Software/texlive/2019/texmf-dist/tex/latex/natbib/natbib.sty
Package: natbib 2010/09/13 8.31b (PWD, AO)
\bibhang=\skip70
\bibsep=\skip71
LaTeX Info: Redefining \cite on input line 694.
\c@NAT@ctr=\count284
)
(d:/Software/texlive/2019/texmf-dist/tex/latex/fancyhdr/fancyhdr.sty
Package: fancyhdr 2019/01/31 v3.10 Extensive control of page headers and footer
s
\f@nch@headwidth=\skip72
\f@nch@O@elh=\skip73
\f@nch@O@erh=\skip74
\f@nch@O@olh=\skip75
\f@nch@O@orh=\skip76
\f@nch@O@elf=\skip77
\f@nch@O@erf=\skip78
\f@nch@O@olf=\skip79
\f@nch@O@orf=\skip80
)
(d:/Software/texlive/2019/texmf-dist/tex/latex/geometry/geometry.sty
Package: geometry 2018/04/16 v5.8 Page Geometry

(d:/Software/texlive/2019/texmf-dist/tex/generic/iftex/ifvtex.sty
Package: ifvtex 2019/10/25 v1.7 ifvtex legacy package. Use iftex instead.
)
\Gm@cnth=\count285
\Gm@cntv=\count286
\c@Gm@tempcnt=\count287
\Gm@bindingoffset=\dimen180
\Gm@wd@mp=\dimen181
\Gm@odd@mp=\dimen182
\Gm@even@mp=\dimen183
\Gm@layoutwidth=\dimen184
\Gm@layoutheight=\dimen185
\Gm@layouthoffset=\dimen186
\Gm@layoutvoffset=\dimen187
\Gm@dimlist=\toks19
)
(d:/Software/texlive/2019/texmf-dist/tex/latex/setspace/setspace.sty
Package: setspace 2011/12/19 v6.7a set line spacing
)
(d:/Software/texlive/2019/texmf-dist/tex/latex/multirow/multirow.sty
Package: multirow 2019/05/31 v2.5 Span multiple rows of a table
\multirow@colwidth=\skip81
\multirow@cntb=\count288
\multirow@dima=\skip82
\bigstrutjot=\dimen188
)
(d:/Software/texlive/2019/texmf-dist/tex/latex/tools/tabularx.sty
Package: tabularx 2016/02/03 v2.11b `tabularx' package (DPC)

(d:/Software/texlive/2019/texmf-dist/tex/latex/tools/array.sty
Package: array 2019/08/31 v2.4l Tabular extension package (FMi)
\col@sep=\dimen189
\ar@mcellbox=\box58
\extrarowheight=\dimen190
\NC@list=\toks20
\extratabsurround=\skip83
\backup@length=\skip84
\ar@cellbox=\box59
)
\TX@col@width=\dimen191
\TX@old@table=\dimen192
\TX@old@col=\dimen193
\TX@target=\dimen194
\TX@delta=\dimen195
\TX@cols=\count289
\TX@ftn=\toks21
)
(d:/Software/texlive/2019/texmf-dist/tex/latex/tools/longtable.sty
Package: longtable 2019/02/06 v4.12 Multi-page Table package (DPC)
\LTleft=\skip85
\LTright=\skip86
\LTpre=\skip87
\LTpost=\skip88
\LTchunksize=\count290
\LTcapwidth=\dimen196
\LT@head=\box60
\LT@firsthead=\box61
\LT@foot=\box62
\LT@lastfoot=\box63
\LT@cols=\count291
\LT@rows=\count292
\c@LT@tables=\count293
\c@LT@chunks=\count294
\LT@p@ftn=\toks22
)
(d:/Software/texlive/2019/texmf-dist/tex/latex/booktabs/booktabs.sty
Package: booktabs 2019/10/08 v1.6180339 publication quality tables
\heavyrulewidth=\dimen197
\lightrulewidth=\dimen198
\cmidrulewidth=\dimen199
\belowrulesep=\dimen256
\belowbottomsep=\dimen257
\aboverulesep=\dimen258
\abovetopsep=\dimen259
\cmidrulesep=\dimen260
\cmidrulekern=\dimen261
\defaultaddspace=\dimen262
\@cmidla=\count295
\@cmidlb=\count296
\@aboverulesep=\dimen263
\@belowrulesep=\dimen264
\@thisruleclass=\count297
\@lastruleclass=\count298
\@thisrulewidth=\dimen265
)
(d:/Software/texlive/2019/texmf-dist/tex/latex/caption/caption.sty
Package: caption 2020/01/01 v3.4c Customizing captions (AR)

(d:/Software/texlive/2019/texmf-dist/tex/latex/caption/caption3.sty
Package: caption3 2019/12/31 v1.8f caption3 kernel (AR)
Package caption3 Info: TeX engine: e-TeX on input line 61.
\captionmargin=\dimen266
\captionmargin@=\dimen267
\captionwidth=\dimen268
\caption@tempdima=\dimen269
\caption@indent=\dimen270
\caption@parindent=\dimen271
\caption@hangindent=\dimen272
Package caption Info: Standard document class detected.
)
\c@caption@flags=\count299
\c@continuedfloat=\count300
Package caption Info: float package is loaded.
Package caption Info: longtable package is loaded.

(d:/Software/texlive/2019/texmf-dist/tex/latex/caption/ltcaption.sty
Package: ltcaption 2018/08/26 v1.4a longtable captions (AR)
)
Package caption Info: subfigure package is loaded.
)
(d:/Software/texlive/2019/texmf-dist/tex/latex/amsmath/amsmath.sty
Package: amsmath 2019/11/16 v2.17d AMS math features
\@mathmargin=\skip89

For additional information on amsmath, use the `?' option.
(d:/Software/texlive/2019/texmf-dist/tex/latex/amsmath/amstext.sty
Package: amstext 2000/06/29 v2.01 AMS text

(d:/Software/texlive/2019/texmf-dist/tex/latex/amsmath/amsgen.sty
File: amsgen.sty 1999/11/30 v2.0 generic functions
\@emptytoks=\toks23
\ex@=\dimen273
))
(d:/Software/texlive/2019/texmf-dist/tex/latex/amsmath/amsbsy.sty
Package: amsbsy 1999/11/29 v1.2d Bold Symbols
\pmbraise@=\dimen274
)
(d:/Software/texlive/2019/texmf-dist/tex/latex/amsmath/amsopn.sty
Package: amsopn 2016/03/08 v2.02 operator names
)
\inf@bad=\count301
LaTeX Info: Redefining \frac on input line 227.
\uproot@=\count302
\leftroot@=\count303
LaTeX Info: Redefining \overline on input line 389.
\classnum@=\count304
\DOTSCASE@=\count305
LaTeX Info: Redefining \ldots on input line 486.
LaTeX Info: Redefining \dots on input line 489.
LaTeX Info: Redefining \cdots on input line 610.
\Mathstrutbox@=\box64
\strutbox@=\box65
\big@size=\dimen275
LaTeX Font Info:    Redeclaring font encoding OML on input line 733.
LaTeX Font Info:    Redeclaring font encoding OMS on input line 734.
\macc@depth=\count306
\c@MaxMatrixCols=\count307
\dotsspace@=\muskip17
\c@parentequation=\count308
\dspbrk@lvl=\count309
\tag@help=\toks24
\row@=\count310
\column@=\count311
\maxfields@=\count312
\andhelp@=\toks25
\eqnshift@=\dimen276
\alignsep@=\dimen277
\tagshift@=\dimen278
\tagwidth@=\dimen279
\totwidth@=\dimen280
\lineht@=\dimen281
\@envbody=\toks26
\multlinegap=\skip90
\multlinetaggap=\skip91
\mathdisplay@stack=\toks27
LaTeX Info: Redefining \[ on input line 2858.
LaTeX Info: Redefining \] on input line 2859.
)
(d:/Software/texlive/2019/texmf-dist/tex/latex/amscls/amsthm.sty
Package: amsthm 2017/10/31 v2.20.4
\thm@style=\toks28
\thm@bodyfont=\toks29
\thm@headfont=\toks30
\thm@notefont=\toks31
\thm@headpunct=\toks32
\thm@preskip=\skip92
\thm@postskip=\skip93
\thm@headsep=\skip94
\dth@everypar=\toks33
)
(d:/Software/texlive/2019/texmf-dist/tex/latex/amsfonts/amssymb.sty
Package: amssymb 2013/01/14 v3.01 AMS font symbols

(d:/Software/texlive/2019/texmf-dist/tex/latex/amsfonts/amsfonts.sty
Package: amsfonts 2013/01/14 v3.01 Basic AMSFonts support
\symAMSa=\mathgroup4
\symAMSb=\mathgroup5
LaTeX Font Info:    Redeclaring math symbol \hbar on input line 98.
LaTeX Font Info:    Overwriting math alphabet `\mathfrak' in version `bold'
(Font)                  U/euf/m/n --> U/euf/b/n on input line 106.
))
(d:/Software/texlive/2019/texmf-dist/tex/latex/unicode-math/unicode-math.sty
Package: unicode-math 2019/09/26 v0.8p Unicode maths in XeLaTeX and LuaLaTeX

(d:/Software/texlive/2019/texmf-dist/tex/latex/unicode-math/unicode-math-xetex.
sty
Package: unicode-math-xetex 2019/09/26 v0.8p Unicode maths in XeLaTeX and LuaLa
TeX
\g__um_fam_int=\count313
\g__um_fonts_used_int=\count314
\l__um_primecount_int=\count315
\g__um_primekern_muskip=\muskip18

(d:/Software/texlive/2019/texmf-dist/tex/latex/unicode-math/unicode-math-table.
tex))) (d:/Software/texlive/2019/texmf-dist/tex/latex/was/upgreek.sty
Package: upgreek 2003/02/12 v2.0 (WaS)
Package upgreek Info: Using Adobe Symbol for upright Greek on input line 82.
\symugrf@m=\mathgroup6
)
(d:/Software/texlive/2019/texmf-dist/tex/latex/xcolor/xcolor.sty
Package: xcolor 2016/05/11 v2.12 LaTeX color extensions (UK)

(d:/Software/texlive/2019/texmf-dist/tex/latex/graphics-cfg/color.cfg
File: color.cfg 2016/01/02 v1.6 sample color configuration
)
Package xcolor Info: Package option `usenames' ignored on input line 216.
Package xcolor Info: Driver file: xetex.def on input line 225.
Package xcolor Info: Model `cmy' substituted by `cmy0' on input line 1348.
Package xcolor Info: Model `RGB' extended on input line 1364.
Package xcolor Info: Model `HTML' substituted by `rgb' on input line 1366.
Package xcolor Info: Model `Hsb' substituted by `hsb' on input line 1367.
Package xcolor Info: Model `tHsb' substituted by `hsb' on input line 1368.
Package xcolor Info: Model `HSB' substituted by `hsb' on input line 1369.
Package xcolor Info: Model `Gray' substituted by `gray' on input line 1370.
Package xcolor Info: Model `wave' substituted by `hsb' on input line 1371.
)
(d:/Software/texlive/2019/texmf-dist/tex/latex/listings/listings.sty
\lst@mode=\count316
\lst@gtempboxa=\box66
\lst@token=\toks34
\lst@length=\count317
\lst@currlwidth=\dimen282
\lst@column=\count318
\lst@pos=\count319
\lst@lostspace=\dimen283
\lst@width=\dimen284
\lst@newlines=\count320
\lst@lineno=\count321
\lst@maxwidth=\dimen285

(d:/Software/texlive/2019/texmf-dist/tex/latex/listings/lstmisc.sty
File: lstmisc.sty 2019/09/10 1.8c (Carsten Heinz)
\c@lstnumber=\count322
\lst@skipnumbers=\count323
\lst@framebox=\box67
)
(d:/Software/texlive/2019/texmf-dist/tex/latex/listings/listings.cfg
File: listings.cfg 2019/09/10 1.8c listings configuration
))
Package: listings 2019/09/10 1.8c (Carsten Heinz)

(d:/Software/texlive/2019/texmf-dist/tex/latex/base/makeidx.sty
Package: makeidx 2014/09/29 v1.0m Standard LaTeX package
)
(d:/Software/texlive/2019/texmf-dist/tex/xelatex/xltxtra/xltxtra.sty
Package: xltxtra 2018/12/31 v0.7 Improvements for the "XeLaTeX" format

(d:/Software/texlive/2019/texmf-dist/tex/generic/iftex/ifluatex.sty
Package: ifluatex 2019/10/25 v1.5 ifluatex legacy package. Use iftex instead.
)
(d:/Software/texlive/2019/texmf-dist/tex/latex/realscripts/realscripts.sty
Package: realscripts 2016/02/13 v0.3d Access OpenType subscripts and superscrip
ts
\subsupersep=\dimen286
)
(d:/Software/texlive/2019/texmf-dist/tex/latex/metalogo/metalogo.sty
Package: metalogo 2010/05/29 v0.12 Extended TeX logo macros
\xl@everylogo=\toks35
\xl@@everylogo=\toks36
LaTeX Info: Redefining \TeX on input line 193.
LaTeX Info: Redefining \LaTeX on input line 202.
LaTeX Info: Redefining \LaTeXe on input line 219.
)
\l__xetex_show_hyphens_wrapping_box=\box68
\l__xetex_show_hyphens_temp_box=\box69
\l__xetex_show_hyphens_final_box=\box70
\g__xetex_show_hyphens_word_box=\box71
)
(d:/Software/texlive/2019/texmf-dist/tex/latex/mflogo/mflogo.sty
Package: mflogo 1999/03/10 v2.0 LaTeX package for Metafont and MetaPost logos
)
(d:/Software/texlive/2019/texmf-dist/tex/generic/beebe/texnames.sty
This is texnames.sty, Version 1.10 <02 March 1998>
) (d:/Software/texlive/2019/texmf-dist/tex/latex/siunitx/siunitx.sty
Package: siunitx 2019/10/10 v2.7t A comprehensive (SI) units package
\l__siunitx_tmp_box=\box72
\l__siunitx_tmp_dim=\dimen287
\l__siunitx_tmp_int=\count324
\l__siunitx_number_mantissa_length_int=\count325
\l__siunitx_number_uncert_length_int=\count326
\l__siunitx_round_int=\count327
\l__siunitx_process_decimal_int=\count328
\l__siunitx_process_uncertainty_int=\count329
\l__siunitx_process_fixed_int=\count330
\l__siunitx_process_integer_min_int=\count331
\l__siunitx_process_precision_int=\count332
\l__siunitx_group_min_int=\count333
\l__siunitx_angle_marker_box=\box73
\l__siunitx_angle_unit_box=\box74
\l__siunitx_angle_marker_dim=\dimen288
\l__siunitx_angle_unit_dim=\dimen289
\l__siunitx_unit_int=\count334
\l__siunitx_unit_denominator_int=\count335
\l__siunitx_unit_numerator_int=\count336
\l__siunitx_unit_prefix_int=\count337
\l__siunitx_unit_prefix_base_int=\count338
\l__siunitx_unit_prefix_gram_int=\count339
\l__siunitx_number_product_int=\count340
\c__siunitx_one_fill_skip=\skip95
\l__siunitx_table_unit_align_skip=\skip96
\l__siunitx_table_exponent_dim=\dimen290
\l__siunitx_table_integer_dim=\dimen291
\l__siunitx_table_mantissa_dim=\dimen292
\l__siunitx_table_marker_dim=\dimen293
\l__siunitx_table_result_dim=\dimen294
\l__siunitx_table_uncert_dim=\dimen295
\l__siunitx_table_fill_pre_dim=\dimen296
\l__siunitx_table_fill_post_dim=\dimen297
\l__siunitx_table_fill_mid_dim=\dimen298
\l__siunitx_table_pre_box=\box75
\l__siunitx_table_post_box=\box76
\l__siunitx_table_mantissa_box=\box77
\l__siunitx_table_result_box=\box78
\l__siunitx_table_number_align_skip=\skip97
\l__siunitx_table_text_align_skip=\skip98

(d:/Software/texlive/2019/texmf-dist/tex/latex/translator/translator.sty
Package: translator 2019-05-31 v1.12a Easy translation of strings in LaTeX
))
(d:/Software/texlive/2019/texmf-dist/tex/latex/url/url.sty
\Urlmuskip=\muskip19
Package: url 2013/09/16  ver 3.4  Verb mode for urls, etc.
) (./gbt7714.sty
Package: gbt7714 2020/12/17 v2.1 GB/T 7714—2015 BibTeX Style
)
(d:/Software/texlive/2019/texmf-dist/tex/latex/hyperref/hyperref.sty
Package: hyperref 2019/11/10 v7.00c Hypertext links for LaTeX

(d:/Software/texlive/2019/texmf-dist/tex/generic/ltxcmds/ltxcmds.sty
Package: ltxcmds 2019/12/15 v1.24 LaTeX kernel commands for general use (HO)
)
(d:/Software/texlive/2019/texmf-dist/tex/latex/pdftexcmds/pdftexcmds.sty
Package: pdftexcmds 2019/11/24 v0.31 Utility functions of pdfTeX for LuaTeX (HO
)

(d:/Software/texlive/2019/texmf-dist/tex/generic/infwarerr/infwarerr.sty
Package: infwarerr 2019/12/03 v1.5 Providing info/warning/error messages (HO)
)
Package pdftexcmds Info: \pdf@primitive is available.
Package pdftexcmds Info: \pdf@ifprimitive is available.
Package pdftexcmds Info: \pdfdraftmode not found.
)
(d:/Software/texlive/2019/texmf-dist/tex/generic/kvsetkeys/kvsetkeys.sty
Package: kvsetkeys 2019/12/15 v1.18 Key value parser (HO)
)
(d:/Software/texlive/2019/texmf-dist/tex/generic/kvdefinekeys/kvdefinekeys.sty
Package: kvdefinekeys 2019-12-19 v1.6 Define keys (HO)
) (d:/Software/texlive/2019/texmf-dist/tex/generic/pdfescape/pdfescape.sty
Package: pdfescape 2019/12/09 v1.15 Implements pdfTeX's escape features (HO)
)
(d:/Software/texlive/2019/texmf-dist/tex/latex/hycolor/hycolor.sty
Package: hycolor 2019/12/15 v1.9 Color options for hyperref/bookmark (HO)

(d:/Software/texlive/2019/texmf-dist/tex/latex/hycolor/xcolor-patch.sty
Package: xcolor-patch 2019/12/15 xcolor patch

(d:/Software/texlive/2019/texmf-dist/tex/latex/oberdiek/hopatch.sty
Package: hopatch 2016/05/16 v1.3 Wrapper for package hooks (HO)
)))
(d:/Software/texlive/2019/texmf-dist/tex/latex/letltxmacro/letltxmacro.sty
Package: letltxmacro 2019/12/03 v1.6 Let assignment for LaTeX macros (HO)
)
(d:/Software/texlive/2019/texmf-dist/tex/latex/auxhook/auxhook.sty
Package: auxhook 2019-12-17 v1.6 Hooks for auxiliary files (HO)
)
(d:/Software/texlive/2019/texmf-dist/tex/latex/kvoptions/kvoptions.sty
Package: kvoptions 2019/11/29 v3.13 Key value format for package options (HO)
)
\@linkdim=\dimen299
\Hy@linkcounter=\count341
\Hy@pagecounter=\count342

(d:/Software/texlive/2019/texmf-dist/tex/latex/hyperref/pd1enc.def
File: pd1enc.def 2019/11/10 v7.00c Hyperref: PDFDocEncoding definition (HO)
)
(d:/Software/texlive/2019/texmf-dist/tex/generic/intcalc/intcalc.sty
Package: intcalc 2019/12/15 v1.3 Expandable calculations with integers (HO)
)
(d:/Software/texlive/2019/texmf-dist/tex/generic/etexcmds/etexcmds.sty
Package: etexcmds 2019/12/15 v1.7 Avoid name clashes with e-TeX commands (HO)
)
\Hy@SavedSpaceFactor=\count343

(d:/Software/texlive/2019/texmf-dist/tex/latex/latexconfig/hyperref.cfg
File: hyperref.cfg 2002/06/06 v1.2 hyperref configuration of TeXLive
)
Package hyperref Info: Option `unicode' set `true' on input line 4409.

(d:/Software/texlive/2019/texmf-dist/tex/latex/hyperref/puenc.def
File: puenc.def 2019/11/10 v7.00c Hyperref: PDF Unicode definition (HO)
)
Package hyperref Info: Hyper figures OFF on input line 4535.
Package hyperref Info: Link nesting OFF on input line 4540.
Package hyperref Info: Hyper index ON on input line 4543.
Package hyperref Info: Plain pages OFF on input line 4550.
Package hyperref Info: Backreferencing OFF on input line 4555.
Package hyperref Info: Implicit mode ON; LaTeX internals redefined.
Package hyperref Info: Bookmarks ON on input line 4788.
\c@Hy@tempcnt=\count344
LaTeX Info: Redefining \url on input line 5147.
\XeTeXLinkMargin=\dimen300

(d:/Software/texlive/2019/texmf-dist/tex/generic/bitset/bitset.sty
Package: bitset 2019/12/09 v1.3 Handle bit-vector datatype (HO)

(d:/Software/texlive/2019/texmf-dist/tex/generic/bigintcalc/bigintcalc.sty
Package: bigintcalc 2019/12/15 v1.5 Expandable calculations on big integers (HO
)
))
\Fld@menulength=\count345
\Field@Width=\dimen301
\Fld@charsize=\dimen302
Package hyperref Info: Hyper figures OFF on input line 6418.
Package hyperref Info: Link nesting OFF on input line 6423.
Package hyperref Info: Hyper index ON on input line 6426.
Package hyperref Info: backreferencing OFF on input line 6433.
Package hyperref Info: Link coloring OFF on input line 6438.
Package hyperref Info: Link coloring with OCG OFF on input line 6443.
Package hyperref Info: PDF/A mode OFF on input line 6448.
LaTeX Info: Redefining \ref on input line 6488.
LaTeX Info: Redefining \pageref on input line 6492.

(d:/Software/texlive/2019/texmf-dist/tex/generic/atbegshi/atbegshi.sty
Package: atbegshi 2019/12/05 v1.19 At begin shipout hook (HO)
)
\Hy@abspage=\count346
\c@Item=\count347
\c@Hfootnote=\count348
)
Package hyperref Info: Driver: hxetex.

(d:/Software/texlive/2019/texmf-dist/tex/latex/hyperref/hxetex.def
File: hxetex.def 2019/11/10 v7.00c Hyperref driver for XeTeX

(d:/Software/texlive/2019/texmf-dist/tex/generic/stringenc/stringenc.sty
Package: stringenc 2019/11/29 v1.12 Convert strings between diff. encodings (HO
)
)
\pdfm@box=\box79
\c@Hy@AnnotLevel=\count349
\HyField@AnnotCount=\count350
\Fld@listcount=\count351
\c@bookmark@seq@number=\count352

(d:/Software/texlive/2019/texmf-dist/tex/latex/rerunfilecheck/rerunfilecheck.st
y
Package: rerunfilecheck 2019/12/05 v1.9 Rerun checks for auxiliary files (HO)
 (d:/Software/texlive/2019/texmf-dist/tex/latex/atveryend/atveryend.sty
Package: atveryend 2019-12-11 v1.11 Hooks at the very end of document (HO)
Package atveryend Info: \enddocument detected (standard20110627).
)
(d:/Software/texlive/2019/texmf-dist/tex/generic/uniquecounter/uniquecounter.st
y
Package: uniquecounter 2019/12/15 v1.4 Provide unlimited unique counter (HO)
)
Package uniquecounter Info: New unique counter `rerunfilecheck' on input line 2
86.
)
\Hy@SectionHShift=\skip99
)
Package hyperref Info: Option `CJKbookmarks' set `true' on input line 166.
Package hyperref Info: Option `bookmarksnumbered' set `true' on input line 166.

Package hyperref Info: Option `colorlinks' set `true' on input line 166.
Package hyperref Info: Option `plainpages' set `false' on input line 166.

Package fontspec Info: Font family 'TimesNewRoman(0)' created for font 'Times
(fontspec)             New Roman' with options [Ligatures=TeX].
(fontspec)              
(fontspec)              This font family consists of the following NFSS
(fontspec)             series/shapes:
(fontspec)              
(fontspec)             - 'normal' (m/n) with NFSS spec.: <->"Times New
(fontspec)             Roman/OT:script=latn;language=DFLT;mapping=tex-text;"
(fontspec)             - 'small caps'  (m/sc) with NFSS spec.: <->"Times New
(fontspec)             Roman/OT:script=latn;language=DFLT;+smcp;mapping=tex-tex
t;"
(fontspec)             - 'bold' (bx/n) with NFSS spec.: <->"Times New
(fontspec)             Roman/B/OT:script=latn;language=DFLT;mapping=tex-text;"
(fontspec)             - 'bold small caps'  (bx/sc) with NFSS spec.: <->"Times
(fontspec)             New
(fontspec)             Roman/B/OT:script=latn;language=DFLT;+smcp;mapping=tex-t
ext;"
(fontspec)             - 'italic' (m/it) with NFSS spec.: <->"Times New
(fontspec)             Roman/I/OT:script=latn;language=DFLT;mapping=tex-text;"
(fontspec)             - 'italic small caps'  (m/itsc) with NFSS spec.:
(fontspec)             <->"Times New
(fontspec)             Roman/I/OT:script=latn;language=DFLT;+smcp;mapping=tex-t
ext;"
(fontspec)             - 'bold italic' (bx/it) with NFSS spec.: <->"Times New
(fontspec)             Roman/BI/OT:script=latn;language=DFLT;mapping=tex-text;"

(fontspec)             - 'bold italic small caps'  (bx/itsc) with NFSS spec.:
(fontspec)             <->"Times New
(fontspec)             Roman/BI/OT:script=latn;language=DFLT;+smcp;mapping=tex-
text;"

LaTeX Info: Redefining \rmfamily on input line 177.

Package fontspec Info: Font family 'TimesNewRoman(1)' created for font 'Times
(fontspec)             New Roman' with options [].
(fontspec)              
(fontspec)              This font family consists of the following NFSS
(fontspec)             series/shapes:
(fontspec)              
(fontspec)             - 'normal' (m/n) with NFSS spec.: <->"Times New
(fontspec)             Roman/OT:script=latn;language=DFLT;"
(fontspec)             - 'small caps'  (m/sc) with NFSS spec.: <->"Times New
(fontspec)             Roman/OT:script=latn;language=DFLT;+smcp;"
(fontspec)             - 'bold' (bx/n) with NFSS spec.: <->"Times New
(fontspec)             Roman/B/OT:script=latn;language=DFLT;"
(fontspec)             - 'bold small caps'  (bx/sc) with NFSS spec.: <->"Times
(fontspec)             New Roman/B/OT:script=latn;language=DFLT;+smcp;"
(fontspec)             - 'italic' (m/it) with NFSS spec.: <->"Times New
(fontspec)             Roman/I/OT:script=latn;language=DFLT;"
(fontspec)             - 'italic small caps'  (m/itsc) with NFSS spec.:
(fontspec)             <->"Times New
(fontspec)             Roman/I/OT:script=latn;language=DFLT;+smcp;"
(fontspec)             - 'bold italic' (bx/it) with NFSS spec.: <->"Times New
(fontspec)             Roman/BI/OT:script=latn;language=DFLT;"
(fontspec)             - 'bold italic small caps'  (bx/itsc) with NFSS spec.:
(fontspec)             <->"Times New
(fontspec)             Roman/BI/OT:script=latn;language=DFLT;+smcp;"

LaTeX Font Info:    Overwriting math alphabet `\mathrm' in version `normal'
(Font)                  OT1/cmr/m/n --> TU/TimesNewRoman(1)/m/n on input line 1
77.
LaTeX Font Info:    Overwriting math alphabet `\mathit' in version `normal'
(Font)                  OT1/cmr/m/it --> TU/TimesNewRoman(1)/m/it on input line
 177.
LaTeX Font Info:    Overwriting math alphabet `\mathbf' in version `normal'
(Font)                  OT1/cmr/bx/n --> TU/TimesNewRoman(1)/bx/n on input line
 177.


Package xeCJK Warning: Redefining CJKfamily `\CJKrmdefault'
(xeCJK)                (AdobeSongStd-Light(0)).


Package fontspec Info: Could not resolve font "Adobe Kaiti Std/B" (it probably
(fontspec)             doesn't exist).


Package fontspec Info: Could not resolve font "Adobe Heiti Std/I" (it probably
(fontspec)             doesn't exist).


Package fontspec Info: Could not resolve font "Adobe Song Std/BI" (it probably
(fontspec)             doesn't exist).


Package fontspec Info: Font family 'AdobeSongStd(0)' created for font 'Adobe
(fontspec)             Song Std' with options [Script={CJK},BoldFont={Adobe
(fontspec)             Heiti Std},ItalicFont={Adobe Kaiti Std}].
(fontspec)              
(fontspec)              This font family consists of the following NFSS
(fontspec)             series/shapes:
(fontspec)              
(fontspec)             - 'normal' (m/n) with NFSS spec.: <->"Adobe Song
(fontspec)             Std/OT:script=hani;language=DFLT;"
(fontspec)             - 'small caps'  (m/sc) with NFSS spec.: 
(fontspec)             - 'bold' (bx/n) with NFSS spec.: <->"Adobe Heiti
(fontspec)             Std/OT:script=hani;language=DFLT;"
(fontspec)             - 'bold small caps'  (bx/sc) with NFSS spec.: 
(fontspec)             - 'italic' (m/it) with NFSS spec.: <->"Adobe Kaiti
(fontspec)             Std/OT:script=hani;language=DFLT;"
(fontspec)             - 'italic small caps'  (m/itsc) with NFSS spec.: 


Package ctex Warning: Command \CTEXsetup is deprecated.
(ctex)                \ctexset { chapter = { number={\arabic {chapter}},
(ctex)                name={第~,~章}, format={\centering \heiti \zihao {-2}} } }
(ctex)                is set.


Package ctex Warning: Command \CTEXsetup is deprecated.
(ctex)                \ctexset { section = { format={\heiti \zihao {-3}} } }
(ctex)                is set.


Package ctex Warning: Command \CTEXsetup is deprecated.
(ctex)                \ctexset { subsection = { format={\heiti \zihao {4}} } }
(ctex)                is set.


Package ctex Warning: Command \CTEXsetup is deprecated.
(ctex)                \ctexset { subsubsection = { format={\heiti \zihao {-4}}
(ctex)                } } is set.

) (./YSUthesis.cfg
File: YSUthesis.cfg 2012/03/17 v0.3.3 YSUthesis configuration file
\c@theorem=\count353
\c@proposition=\count354
\c@assumption=\count355
\c@definition=\count356
\c@example=\count357
LaTeX Info: Redefining \qed on input line 176.
\c@algo=\count358
\c@thm=\count359
\c@defn=\count360
\c@conj=\count361
\c@exmp=\count362
\c@rem=\count363
\c@case=\count364
)
(d:/Software/texlive/2019/texmf-dist/tex/latex/titlesec/titletoc.sty
Package: titletoc 2019/10/16 v2.13 TOC entries
\ttl@leftsep=\dimen303
)

Package fontspec Info: Font family 'XITSMath-Regular.otf(0)' created for font
(fontspec)             'XITSMath-Regular.otf' with options
(fontspec)             [BoldItalicFont={},ItalicFont={},SmallCapsFont={},Script
=Math].
(fontspec)              
(fontspec)              This font family consists of the following NFSS
(fontspec)             series/shapes:
(fontspec)              
(fontspec)             - 'normal' (m/n) with NFSS spec.:
(fontspec)             <->"[XITSMath-Regular.otf]/OT:script=math;language=DFLT;
"
(fontspec)             - 'small caps'  (m/sc) with NFSS spec.: 


Package fontspec Info: Font family 'XITSMath-Regular.otf(1)' created for font
(fontspec)             'XITSMath-Regular.otf' with options
(fontspec)             [BoldItalicFont={},ItalicFont={},SmallCapsFont={},Script
=Math,SizeFeatures={{Size=10.539375-},{Size=8.130375-10.539375,Font=XITSMath-Re
gular.otf,Style=MathScript},{Size=-8.130375,Font=XITSMath-Regular.otf,Style=Mat
hScriptScript}}].
(fontspec)              
(fontspec)              This font family consists of the following NFSS
(fontspec)             series/shapes:
(fontspec)              
(fontspec)             - 'normal' (m/n) with NFSS spec.:
(fontspec)             <10.539375->"[XITSMath-Regular.otf]/OT:script=math;langu
age=DFLT;"<8.130375-10.539375>"[XITSMath-Regular.otf]/OT:script=math;language=D
FLT;+ssty=0;"<-8.130375>"[XITSMath-Regular.otf]/OT:script=math;language=DFLT;+s
sty=1;"
(fontspec)             - 'small caps'  (m/sc) with NFSS spec.: 

LaTeX Font Info:    Encoding `OT1' has changed to `TU' for symbol font
(Font)              `operators' in the math version `normal' on input line 43.
LaTeX Font Info:    Overwriting symbol font `operators' in version `normal'
(Font)                  OT1/cmr/m/n --> TU/XITSMath-Regular.otf(1)/m/n on input
 line 43.
LaTeX Font Info:    Encoding `OT1' has changed to `TU' for symbol font
(Font)              `operators' in the math version `bold' on input line 43.
LaTeX Font Info:    Overwriting symbol font `operators' in version `bold'
(Font)                  OT1/cmr/bx/n --> TU/XITSMath-Regular.otf(1)/bx/n on inp
ut line 43.

Package fontspec Info: XITSMath-Regular scale = 1.0001.


Package fontspec Info: XITSMath-Regular scale = 1.0001.


Package fontspec Info: XITSMath-Regular scale = 1.0001.


Package fontspec Info: XITSMath-Regular scale = 1.0001.


Package fontspec Info: Font family 'XITSMath-Regular.otf(2)' created for font
(fontspec)             'XITSMath-Regular.otf' with options
(fontspec)             [BoldItalicFont={},ItalicFont={},SmallCapsFont={},Script
=Math,SizeFeatures={{Size=10.539375-},{Size=8.130375-10.539375,Font=XITSMath-Re
gular.otf,Style=MathScript},{Size=-8.130375,Font=XITSMath-Regular.otf,Style=Mat
hScriptScript}},ScaleAgain=1.0001,FontAdjustment={\fontdimen
(fontspec)             8\font =6.9861pt\relax \fontdimen 9\font
(fontspec)             =5.7816pt\relax \fontdimen 10\font =5.7816pt\relax
(fontspec)             \fontdimen 11\font =8.4315pt\relax \fontdimen 12\font
(fontspec)             =5.7816pt\relax \fontdimen 13\font =4.818pt\relax
(fontspec)             \fontdimen 14\font =4.818pt\relax \fontdimen 15\font
(fontspec)             =3.31238pt\relax \fontdimen 16\font =3.01125pt\relax
(fontspec)             \fontdimen 17\font =3.01125pt\relax \fontdimen 18\font
(fontspec)             =4.51688pt\relax \fontdimen 19\font =0.60225pt\relax
(fontspec)             \fontdimen 22\font =3.01125pt\relax \fontdimen 20\font
(fontspec)             =0pt\relax \fontdimen 21\font =0pt\relax }].
(fontspec)              
(fontspec)              This font family consists of the following NFSS
(fontspec)             series/shapes:
(fontspec)              
(fontspec)             - 'normal' (m/n) with NFSS spec.:
(fontspec)             <10.539375->s*[1.0001]"[XITSMath-Regular.otf]/OT:script=
math;language=DFLT;"<8.130375-10.539375>s*[1.0001]"[XITSMath-Regular.otf]/OT:sc
ript=math;language=DFLT;+ssty=0;"<-8.130375>s*[1.0001]"[XITSMath-Regular.otf]/O
T:script=math;language=DFLT;+ssty=1;"
(fontspec)             - 'small caps'  (m/sc) with NFSS spec.: 
(fontspec)             and font adjustment code:
(fontspec)             \fontdimen 8\font =6.9861pt\relax \fontdimen 9\font
(fontspec)             =5.7816pt\relax \fontdimen 10\font =5.7816pt\relax
(fontspec)             \fontdimen 11\font =8.4315pt\relax \fontdimen 12\font
(fontspec)             =5.7816pt\relax \fontdimen 13\font =4.818pt\relax
(fontspec)             \fontdimen 14\font =4.818pt\relax \fontdimen 15\font
(fontspec)             =3.31238pt\relax \fontdimen 16\font =3.01125pt\relax
(fontspec)             \fontdimen 17\font =3.01125pt\relax \fontdimen 18\font
(fontspec)             =4.51688pt\relax \fontdimen 19\font =0.60225pt\relax
(fontspec)             \fontdimen 22\font =3.01125pt\relax \fontdimen 20\font
(fontspec)             =0pt\relax \fontdimen 21\font =0pt\relax 

LaTeX Font Info:    Encoding `OMS' has changed to `TU' for symbol font
(Font)              `symbols' in the math version `normal' on input line 43.
LaTeX Font Info:    Overwriting symbol font `symbols' in version `normal'
(Font)                  OMS/cmsy/m/n --> TU/XITSMath-Regular.otf(2)/m/n on inpu
t line 43.
LaTeX Font Info:    Encoding `OMS' has changed to `TU' for symbol font
(Font)              `symbols' in the math version `bold' on input line 43.
LaTeX Font Info:    Overwriting symbol font `symbols' in version `bold'
(Font)                  OMS/cmsy/b/n --> TU/XITSMath-Regular.otf(2)/bx/n on inp
ut line 43.

Package fontspec Info: XITSMath-Regular scale = 0.9999.


Package fontspec Info: XITSMath-Regular scale = 0.9999.


Package fontspec Info: XITSMath-Regular scale = 0.9999.


Package fontspec Info: XITSMath-Regular scale = 0.9999.


Package fontspec Info: Font family 'XITSMath-Regular.otf(3)' created for font
(fontspec)             'XITSMath-Regular.otf' with options
(fontspec)             [BoldItalicFont={},ItalicFont={},SmallCapsFont={},Script
=Math,SizeFeatures={{Size=10.539375-},{Size=8.130375-10.539375,Font=XITSMath-Re
gular.otf,Style=MathScript},{Size=-8.130375,Font=XITSMath-Regular.otf,Style=Mat
hScriptScript}},ScaleAgain=0.9999,FontAdjustment={\fontdimen
(fontspec)             8\font =0.79497pt\relax \fontdimen 9\font
(fontspec)             =1.80675pt\relax \fontdimen 10\font =1.80675pt\relax
(fontspec)             \fontdimen 11\font =3.6135pt\relax \fontdimen 12\font
(fontspec)             =7.227pt\relax \fontdimen 13\font =0pt\relax }].
(fontspec)              
(fontspec)              This font family consists of the following NFSS
(fontspec)             series/shapes:
(fontspec)              
(fontspec)             - 'normal' (m/n) with NFSS spec.:
(fontspec)             <10.539375->s*[0.9999]"[XITSMath-Regular.otf]/OT:script=
math;language=DFLT;"<8.130375-10.539375>s*[0.9999]"[XITSMath-Regular.otf]/OT:sc
ript=math;language=DFLT;+ssty=0;"<-8.130375>s*[0.9999]"[XITSMath-Regular.otf]/O
T:script=math;language=DFLT;+ssty=1;"
(fontspec)             - 'small caps'  (m/sc) with NFSS spec.: 
(fontspec)             and font adjustment code:
(fontspec)             \fontdimen 8\font =0.79497pt\relax \fontdimen 9\font
(fontspec)             =1.80675pt\relax \fontdimen 10\font =1.80675pt\relax
(fontspec)             \fontdimen 11\font =3.6135pt\relax \fontdimen 12\font
(fontspec)             =7.227pt\relax \fontdimen 13\font =0pt\relax 

LaTeX Font Info:    Encoding `OMX' has changed to `TU' for symbol font
(Font)              `largesymbols' in the math version `normal' on input line 4
3.
LaTeX Font Info:    Overwriting symbol font `largesymbols' in version `normal'
(Font)                  OMX/cmex/m/n --> TU/XITSMath-Regular.otf(3)/m/n on inpu
t line 43.
LaTeX Font Info:    Encoding `OMX' has changed to `TU' for symbol font
(Font)              `largesymbols' in the math version `bold' on input line 43.

LaTeX Font Info:    Overwriting symbol font `largesymbols' in version `bold'
(Font)                  OMX/cmex/m/n --> TU/XITSMath-Regular.otf(3)/bx/n on inp
ut line 43.

(d:/Software/texlive/2019/texmf-dist/tex/xelatex/xecjk/xeCJK-listings.sty
Package: xeCJK-listings 2019/06/02 v3.7.4 xeCJK patch file for listings
\l__xeCJK_listings_max_char_int=\count365
\l__xeCJK_listings_flag_int=\count366
)
(./template.aux (./chapter/abstract.aux) (./chapter/chap-intro.aux)
(./chapter/chap-2.aux) (./chapter/chap-3.aux) (./chapter/chap-4.aux)
(./chapter/chap-5.aux) (./chapter/chap-conclusion.aux) (./chapter/achive.aux)
(./chapter/thanks.aux))
\openout1 = `template.aux'.

LaTeX Font Info:    Checking defaults for OML/cmm/m/it on input line 51.
LaTeX Font Info:    ... okay on input line 51.
LaTeX Font Info:    Checking defaults for T1/cmr/m/n on input line 51.
LaTeX Font Info:    ... okay on input line 51.
LaTeX Font Info:    Checking defaults for OT1/cmr/m/n on input line 51.
LaTeX Font Info:    ... okay on input line 51.
LaTeX Font Info:    Checking defaults for OMS/cmsy/m/n on input line 51.
LaTeX Font Info:    ... okay on input line 51.
LaTeX Font Info:    Checking defaults for TU/lmr/m/n on input line 51.
LaTeX Font Info:    ... okay on input line 51.
LaTeX Font Info:    Checking defaults for OMX/cmex/m/n on input line 51.
LaTeX Font Info:    ... okay on input line 51.
LaTeX Font Info:    Checking defaults for U/cmr/m/n on input line 51.
LaTeX Font Info:    ... okay on input line 51.
LaTeX Font Info:    Checking defaults for TS1/cmr/m/n on input line 51.
LaTeX Font Info:    ... okay on input line 51.
LaTeX Font Info:    Checking defaults for PD1/pdf/m/n on input line 51.
LaTeX Font Info:    ... okay on input line 51.
LaTeX Font Info:    Checking defaults for PU/pdf/m/n on input line 51.
LaTeX Font Info:    ... okay on input line 51.
 ABD: EverySelectfont initializing macros
LaTeX Info: Redefining \selectfont on input line 51.

*geometry* detected driver: dvipdfm
*geometry* verbose mode - [ preamble ] result:
* driver: dvipdfm
* paper: <default>
* layout: <same size as paper>
* layoutoffset:(h,v)=(0.0pt,0.0pt)
* modes: twoside 
* h-part:(L,W,R)=(85.35826pt, 426.79135pt, 85.35826pt)
* v-part:(T,H,B)=(99.58464pt, 660.10394pt, 85.35826pt)
* \paperwidth=597.50787pt
* \paperheight=845.04684pt
* \textwidth=426.79135pt
* \textheight=660.10394pt
* \oddsidemargin=13.08827pt
* \evensidemargin=13.08827pt
* \topmargin=-3.98335pt
* \headheight=28.45274pt
* \headsep=2.84526pt
* \topskip=12.0pt
* \footskip=28.45274pt
* \marginparwidth=88.0pt
* \marginparsep=7.0pt
* \columnsep=10.0pt
* \skip\footins=10.8pt plus 4.0pt minus 2.0pt
* \hoffset=0.0pt
* \voffset=0.0pt
* \mag=1000
* \@twocolumnfalse
* \@twosidetrue
* \@mparswitchtrue
* \@reversemarginfalse
* (1in=72.27pt=25.4mm, 1cm=28.453pt)

Package caption Info: Begin \AtBeginDocument code.
Package caption Info: hyperref package is loaded.
Package caption Info: listings package is loaded.
Package caption Info: End \AtBeginDocument code.
LaTeX Font Info:    Overwriting math alphabet `\mathsf' in version `normal'
(Font)                  OT1/cmss/m/n --> TU/lmss/m/n on input line 51.
LaTeX Font Info:    Overwriting math alphabet `\mathsf' in version `bold'
(Font)                  OT1/cmss/bx/n --> TU/lmss/bx/n on input line 51.
LaTeX Font Info:    Overwriting math alphabet `\mathtt' in version `normal'
(Font)                  OT1/cmtt/m/n --> TU/lmtt/m/n on input line 51.
LaTeX Font Info:    Overwriting math alphabet `\mathtt' in version `bold'
(Font)                  OT1/cmtt/m/n --> TU/lmtt/bx/n on input line 51.
\c@lstlisting=\count367

(d:/Software/texlive/2019/texmf-dist/tex/latex/translator/translator-basic-dict
ionary-English.dict
Dictionary: translator-basic-dictionary, Language: English 
)
(d:/Software/texlive/2019/texmf-dist/tex/latex/siunitx/siunitx-abbreviations.cf
g
File: siunitx-abbreviations.cfg 2017/11/26 v2.7k siunitx: Abbreviated units
)
\AtBeginShipoutBox=\box80
Package hyperref Info: Link coloring ON on input line 51.
 (d:/Software/texlive/2019/texmf-dist/tex/latex/hyperref/nameref.sty
Package: nameref 2019/09/16 v2.46 Cross-referencing by name of section

(d:/Software/texlive/2019/texmf-dist/tex/latex/refcount/refcount.sty
Package: refcount 2019/12/15 v3.6 Data extraction from label references (HO)
)
(d:/Software/texlive/2019/texmf-dist/tex/generic/gettitlestring/gettitlestring.
sty
Package: gettitlestring 2019/12/15 v1.6 Cleanup title references (HO)
)
\c@section@level=\count368
)
LaTeX Info: Redefining \ref on input line 51.
LaTeX Info: Redefining \pageref on input line 51.
LaTeX Info: Redefining \nameref on input line 51.
 (./template.out) (./template.out)
\@outlinefile=\write3
\openout3 = `template.out'.

LaTeX Font Info:    Font shape `TU/XITSMath-Regular.otf(2)/m/n' will be
(Font)              scaled to size 12.04628pt on input line 51.
LaTeX Font Info:    Font shape `TU/XITSMath-Regular.otf(2)/m/n' will be
(Font)              scaled to size 9.03471pt on input line 51.
LaTeX Font Info:    Font shape `TU/XITSMath-Regular.otf(2)/m/n' will be
(Font)              scaled to size 7.22777pt on input line 51.
LaTeX Font Info:    Font shape `TU/XITSMath-Regular.otf(3)/m/n' will be
(Font)              scaled to size 12.0437pt on input line 51.
LaTeX Font Info:    Font shape `TU/XITSMath-Regular.otf(3)/m/n' will be
(Font)              scaled to size 9.03278pt on input line 51.
LaTeX Font Info:    Font shape `TU/XITSMath-Regular.otf(3)/m/n' will be
(Font)              scaled to size 7.22623pt on input line 51.
LaTeX Font Info:    Trying to load font information for U+msa on input line 51.


(d:/Software/texlive/2019/texmf-dist/tex/latex/amsfonts/umsa.fd
File: umsa.fd 2013/01/14 v3.01 AMS symbols A
)
LaTeX Font Info:    Trying to load font information for U+msb on input line 51.


(d:/Software/texlive/2019/texmf-dist/tex/latex/amsfonts/umsb.fd
File: umsb.fd 2013/01/14 v3.01 AMS symbols B
)
LaTeX Font Info:    Trying to load font information for U+psy on input line 51.


(d:/Software/texlive/2019/texmf-dist/tex/latex/psnfss/upsy.fd
File: upsy.fd 2001/06/04 font definitions for U/psy.
)
File: figures/ysulogo.jpg Graphic file (type bmp)
<figures/ysulogo.jpg>

Package fontspec Info: Could not resolve font "AdobeHeitiStd-Regular/BI" (it
(fontspec)             probably doesn't exist).


Package fontspec Info: Could not resolve font "AdobeHeitiStd-Regular/B" (it
(fontspec)             probably doesn't exist).


Package fontspec Info: Could not resolve font "AdobeHeitiStd-Regular/I" (it
(fontspec)             probably doesn't exist).


Package fontspec Info: Font family 'AdobeHeitiStd-Regular(0)' created for font
(fontspec)             'AdobeHeitiStd-Regular' with options [Script={CJK}].
(fontspec)              
(fontspec)              This font family consists of the following NFSS
(fontspec)             series/shapes:
(fontspec)              
(fontspec)             - 'normal' (m/n) with NFSS spec.:
(fontspec)             <->"AdobeHeitiStd-Regular/OT:script=hani;language=DFLT;"

(fontspec)             - 'small caps'  (m/sc) with NFSS spec.: 


Package fontspec Info: Could not resolve font "AdobeKaitiStd-Regular/BI" (it
(fontspec)             probably doesn't exist).


Package fontspec Info: Could not resolve font "AdobeKaitiStd-Regular/B" (it
(fontspec)             probably doesn't exist).


Package fontspec Info: Could not resolve font "AdobeKaitiStd-Regular/I" (it
(fontspec)             probably doesn't exist).


Package fontspec Info: Font family 'AdobeKaitiStd-Regular(0)' created for font
(fontspec)             'AdobeKaitiStd-Regular' with options [Script={CJK}].
(fontspec)              
(fontspec)              This font family consists of the following NFSS
(fontspec)             series/shapes:
(fontspec)              
(fontspec)             - 'normal' (m/n) with NFSS spec.:
(fontspec)             <->"AdobeKaitiStd-Regular/OT:script=hani;language=DFLT;"

(fontspec)             - 'small caps'  (m/sc) with NFSS spec.: 

 [1


] [2


]

Package fontspec Info: Could not resolve font "AdobeSongStd-Light/BI" (it
(fontspec)             probably doesn't exist).


Package fontspec Info: Could not resolve font "AdobeSongStd-Light/B" (it
(fontspec)             probably doesn't exist).


Package fontspec Info: Could not resolve font "AdobeSongStd-Light/I" (it
(fontspec)             probably doesn't exist).


Package fontspec Info: Font family 'AdobeSongStd-Light(1)' created for font
(fontspec)             'AdobeSongStd-Light' with options [Script={CJK}].
(fontspec)              
(fontspec)              This font family consists of the following NFSS
(fontspec)             series/shapes:
(fontspec)              
(fontspec)             - 'normal' (m/n) with NFSS spec.:
(fontspec)             <->"AdobeSongStd-Light/OT:script=hani;language=DFLT;"
(fontspec)             - 'small caps'  (m/sc) with NFSS spec.: 

LaTeX Font Info:    Font shape `TU/XITSMath-Regular.otf(2)/m/n' will be
(Font)              scaled to size 14.05399pt on input line 80.
LaTeX Font Info:    Font shape `TU/XITSMath-Regular.otf(2)/m/n' will be
(Font)              scaled to size 10.54048pt on input line 80.
LaTeX Font Info:    Font shape `TU/XITSMath-Regular.otf(2)/m/n' will be
(Font)              scaled to size 7.52892pt on input line 80.
LaTeX Font Info:    Font shape `TU/XITSMath-Regular.otf(3)/m/n' will be
(Font)              scaled to size 14.05098pt on input line 80.
LaTeX Font Info:    Font shape `TU/XITSMath-Regular.otf(3)/m/n' will be
(Font)              scaled to size 10.53824pt on input line 80.
LaTeX Font Info:    Font shape `TU/XITSMath-Regular.otf(3)/m/n' will be
(Font)              scaled to size 7.52731pt on input line 80.
 [3

]
[4


] [5] [6


] [7

] [8


]
\openout2 = `chapter/abstract.aux'.

 (./chapter/abstract.tex

Package hyperref Warning: Token not allowed in a PDF string (Unicode):
(hyperref)                \hskip 12.045pt
(hyperref)                replaced by space on input line 2.


LaTeX Font Warning: Font shape `TU/AdobeSongStd-Light(1)/bx/n' undefined
(Font)              using `TU/AdobeSongStd-Light(1)/m/n' instead on input line 
4.

[1



]
Overfull \hbox (7.57837pt too wide) in paragraph at lines 22--23
\TU/TimesNewRoman(0)/m/n/12.045 the proposed method, named Two-Agent Consensus 
Equilibrium(TACE), is a coded diffrac-
 []


Overfull \hbox (6.18507pt too wide) in paragraph at lines 26--27
\TU/TimesNewRoman(0)/m/n/12.045 pressive phase retrieval algorithms under under
-sampling rate, the proposed method, named
 []

[2

] [3] [4

]) (./template.toc [5


])
\tf@toc=\write4
\openout4 = `template.toc'.

 [6]
\openout2 = `chapter/chap-intro.aux'.

 (./chapter/chap-intro.tex
第\nobreakspace {}1\nobreakspace {}章

Package hyperref Warning: Token not allowed in a PDF string (Unicode):
(hyperref)                \hskip 12.045pt
(hyperref)                replaced by space on input line 2.

LaTeX Font Info:    Calculating math sizes for size <9.03375> on input line 8.
LaTeX Font Info:    Font shape `TU/XITSMath-Regular.otf(2)/m/n' will be
(Font)              scaled to size 6.32426pt on input line 8.
LaTeX Font Info:    Font shape `TU/XITSMath-Regular.otf(2)/m/n' will be
(Font)              scaled to size 4.51735pt on input line 8.
LaTeX Font Info:    Font shape `TU/XITSMath-Regular.otf(3)/m/n' will be
(Font)              scaled to size 6.3229pt on input line 8.
LaTeX Font Info:    Font shape `TU/XITSMath-Regular.otf(3)/m/n' will be
(Font)              scaled to size 4.51639pt on input line 8.
File: figures/1-1.pdf Graphic file (type pdf)
<use figures/1-1.pdf>
[1



]
Overfull \hbox (4.71219pt too wide) in paragraph at lines 19--20
[]\TU/AdobeSongStd(0)/m/n/12.045 深 度 学 习 在 解 决 线 性 和 非 线 性 图 像 反 问 题 方 面 取 得 了 
前 所 未 有 的 成 功$[]$。|
 []


Overfull \hbox (5.12633pt too wide) in paragraph at lines 24--25
\TU/AdobeSongStd(0)/m/n/12.045 题，|  指 出 了 \TU/TimesNewRoman(0)/m/n/12.045 ADM \
TU/AdobeSongStd(0)/m/n/12.045 算 法 与 投 影 算 法 之 间 的 联 系，|  并 与 标 准 的 相 位 恢 复 算 法 
\TU/TimesNewRoman(0)/m/n/12.045 HIO(Hybrid
 []

[2] [3]
File: figures/1-2.pdf Graphic file (type pdf)
<use figures/1-2.pdf>
 [4]
File: figures/1-3.png Graphic file (type bmp)
<figures/1-3.png>
 [5]) [6]
\openout2 = `chapter/chap-2.aux'.

 (./chapter/chap-2.tex
第\nobreakspace {}2\nobreakspace {}章
[7



]

Package fontspec Info: Could not resolve font "AdobeFangsongStd-Regular/BI"
(fontspec)             (it probably doesn't exist).


Package fontspec Info: Could not resolve font "AdobeFangsongStd-Regular/B" (it
(fontspec)             probably doesn't exist).


Package fontspec Info: Could not resolve font "AdobeFangsongStd-Regular/I" (it
(fontspec)             probably doesn't exist).


Package fontspec Info: Font family 'AdobeFangsongStd-Regular(0)' created for
(fontspec)             font 'AdobeFangsongStd-Regular' with options
(fontspec)             [Script={CJK}].
(fontspec)              
(fontspec)              This font family consists of the following NFSS
(fontspec)             series/shapes:
(fontspec)              
(fontspec)             - 'normal' (m/n) with NFSS spec.:
(fontspec)             <->"AdobeFangsongStd-Regular/OT:script=hani;language=DFL
T;"
(fontspec)             - 'small caps'  (m/sc) with NFSS spec.: 

 [8]
Overfull \hbox (1.60359pt too wide) in paragraph at lines 87--88
[]\TU/TimesNewRoman(0)/m/n/12.045 (1) \TU/AdobeSongStd(0)/m/n/12.045 相 位 恢 复 问 
题：|  假 设 给 定 编 码 衍 射 模 型 传 输 矩 阵 的 $[]$ 个 列 向 量 为 $[][][][][]$，|
 []

[9] [10]
LaTeX Font Info:    Font shape `TU/XITSMath-Regular.otf(2)/m/n' will be
(Font)              scaled to size 7.00075pt on input line 146.
LaTeX Font Info:    Font shape `TU/XITSMath-Regular.otf(2)/m/n' will be
(Font)              scaled to size 5.00053pt on input line 146.
LaTeX Font Info:    Font shape `TU/XITSMath-Regular.otf(3)/m/n' will be
(Font)              scaled to size 6.99925pt on input line 146.
LaTeX Font Info:    Font shape `TU/XITSMath-Regular.otf(3)/m/n' will be
(Font)              scaled to size 4.99947pt on input line 146.
 [11] [12]
Underfull \vbox (badness 3058) has occurred while \output is active []

 [13]
Underfull \vbox (badness 1661) has occurred while \output is active []

 [14]
[15] [16]
File: figures/2-1-1.pdf Graphic file (type pdf)
<use figures/2-1-1.pdf>
File: figures/2-1-2.pdf Graphic file (type pdf)
<use figures/2-1-2.pdf>

Underfull \vbox (badness 2020) has occurred while \output is active []

 [17]
File: figures/2-2.pdf Graphic file (type pdf)
<use figures/2-2.pdf>

[18]
File: figures/2-3.pdf Graphic file (type pdf)
<use figures/2-3.pdf>

Overfull \hbox (3.26236pt too wide) in paragraph at lines 362--368
[]\TU/TimesNewRoman(0)/m/n/12.045 GoogleNet \TU/AdobeSongStd(0)/m/n/12.045 赢 得 
了 \TU/TimesNewRoman(0)/m/n/12.045 2014 \TU/AdobeSongStd(0)/m/n/12.045 年 \TU/Tim
esNewRoman(0)/m/n/12.045 ILSVRC \TU/AdobeSongStd(0)/m/n/12.045 竞 赛 的 冠 军，|  亦 称
 为 \TU/TimesNewRoman(0)/m/n/12.045 Inception-V1\TU/AdobeSongStd(0)/m/n/12.045 。
| \TU/TimesNewRoman(0)/m/n/12.045 GoogleNet
 []

File: figures/2-4.pdf Graphic file (type pdf)
<use figures/2-4.pdf>
[19]
File: figures/2-5.pdf Graphic file (type pdf)
<use figures/2-5.pdf>
File: figures/2-6.pdf Graphic file (type pdf)
<use figures/2-6.pdf>
 [20] [21]
File: figures/2-7.pdf Graphic file (type pdf)
<use figures/2-7.pdf>
File: figures/2-8.pdf Graphic file (type pdf)
<use figures/2-8.pdf>
 [22]) [23]
\openout2 = `chapter/chap-3.aux'.

 (./chapter/chap-3.tex
第\nobreakspace {}3\nobreakspace {}章
File: figures/3-1.pdf Graphic file (type pdf)
<use figures/3-1.pdf>
[24



] [25] [26]
Underfull \vbox (badness 2376) has occurred while \output is active []

 [27]
Package hyperref Info: bookmark level for unknown algorithm defaults to 0 on in
put line 153.

Underfull \vbox (badness 10000) has occurred while \output is active []

 [28]
[29]
File: figures/3-2-1.png Graphic file (type bmp)
<figures/3-2-1.png>
File: figures/3-2-2.png Graphic file (type bmp)
<figures/3-2-2.png>
File: figures/3-2-3.png Graphic file (type bmp)
<figures/3-2-3.png>
File: figures/3-2-4.png Graphic file (type bmp)
<figures/3-2-4.png>

Underfull \vbox (badness 1824) has occurred while \output is active []

 [30]
[31]
Underfull \vbox (badness 1383) has occurred while \output is active []

 [32]
File: figures/3-3.pdf Graphic file (type pdf)
<use figures/3-3.pdf>

Underfull \vbox (badness 3439) has occurred while \output is active []

 [33]
Overfull \hbox (7.29114pt too wide) in paragraph at lines 381--384
[]\TU/AdobeSongStd(0)/bx/n/12.045 证 明\TU/TimesNewRoman(0)/m/n/12.045 . \TU/Adob
eSongStd(0)/m/n/12.045 由 于 $[]$ 为 凸 函 数，|  可 以 得 到 $[][][] [] [][][][][][] [] [
][] [] []$，|  再 令 $[][][] [][][] [][][] [][] []
 []


Underfull \vbox (badness 2318) has occurred while \output is active []

 [34]
Underfull \vbox (badness 10000) has occurred while \output is active []

 [35]
Overfull \hbox (14.18712pt too wide) in paragraph at lines 476--491
[]\TU/AdobeSongStd(0)/m/n/12.045 从 表[][]\TU/TimesNewRoman(0)/m/n/12.045 3-1[][]
\TU/AdobeSongStd(0)/m/n/12.045 和 表[][]\TU/TimesNewRoman(0)/m/n/12.045 3-2[][]\T
U/AdobeSongStd(0)/m/n/12.045 可 以 看 出 基 于 深 度 学 习 的 去 噪 算 法 在 去 噪 性 能 优 于 传 统 的 
\TU/TimesNewRoman(0)/m/n/12.045 BM3D
 []

[36]
File: figures/2-9-1.png Graphic file (type bmp)
<figures/2-9-1.png>
File: figures/2-9-2.png Graphic file (type bmp)
<figures/2-9-2.png>
File: figures/2-9-3.png Graphic file (type bmp)
<figures/2-9-3.png>
File: figures/2-9-4.png Graphic file (type bmp)
<figures/2-9-4.png>
File: figures/2-9-5.png Graphic file (type bmp)
<figures/2-9-5.png>
File: figures/2-9-6.png Graphic file (type bmp)
<figures/2-9-6.png>
File: figures/2-9-7.png Graphic file (type bmp)
<figures/2-9-7.png>
File: figures/2-10-1.png Graphic file (type bmp)
<figures/2-10-1.png>
File: figures/2-10-2.png Graphic file (type bmp)
<figures/2-10-2.png>
File: figures/2-10-3.png Graphic file (type bmp)
<figures/2-10-3.png>
File: figures/2-10-4.png Graphic file (type bmp)
<figures/2-10-4.png>
File: figures/2-10-5.png Graphic file (type bmp)
<figures/2-10-5.png>
File: figures/2-10-6.png Graphic file (type bmp)
<figures/2-10-6.png>
File: figures/2-10-7.png Graphic file (type bmp)
<figures/2-10-7.png>
 [37]
File: figures/barbara_slm_1.png Graphic file (type bmp)
<figures/barbara_slm_1.png>
LaTeX Font Info:    Font shape `TU/XITSMath-Regular.otf(2)/m/n' will be
(Font)              scaled to size 9.0347pt on input line 575.
LaTeX Font Info:    Font shape `TU/XITSMath-Regular.otf(2)/m/n' will be
(Font)              scaled to size 6.00064pt on input line 575.
LaTeX Font Info:    Font shape `TU/XITSMath-Regular.otf(3)/m/n' will be
(Font)              scaled to size 9.03276pt on input line 575.
LaTeX Font Info:    Font shape `TU/XITSMath-Regular.otf(3)/m/n' will be
(Font)              scaled to size 5.99936pt on input line 575.
File: figures/barbara_slm_2.png Graphic file (type bmp)
<figures/barbara_slm_2.png>
File: figures/barbara_slm_3.png Graphic file (type bmp)
<figures/barbara_slm_3.png>
File: figures/barbara_slm_4.png Graphic file (type bmp)
<figures/barbara_slm_4.png>
 [38]
File: figures/3-6-1.png Graphic file (type bmp)
<figures/3-6-1.png>
File: figures/3-6-2.png Graphic file (type bmp)
<figures/3-6-2.png>
File: figures/3-6-3.png Graphic file (type bmp)
<figures/3-6-3.png>
File: figures/3-6-4.png Graphic file (type bmp)
<figures/3-6-4.png>
File: figures/3-6-5.png Graphic file (type bmp)
<figures/3-6-5.png>
File: figures/3-6-6.png Graphic file (type bmp)
<figures/3-6-6.png>
File: figures/3-6-7.png Graphic file (type bmp)
<figures/3-6-7.png>
File: figures/3-6-8.png Graphic file (type bmp)
<figures/3-6-8.png>
File: figures/3-6-9.png Graphic file (type bmp)
<figures/3-6-9.png>
File: figures/3-6-10.png Graphic file (type bmp)
<figures/3-6-10.png>
File: figures/3-7-1.png Graphic file (type bmp)
<figures/3-7-1.png>
File: figures/3-7-2.png Graphic file (type bmp)
<figures/3-7-2.png>
File: figures/3-7-3.png Graphic file (type bmp)
<figures/3-7-3.png>
File: figures/3-7-4.png Graphic file (type bmp)
<figures/3-7-4.png>
File: figures/3-7-5.png Graphic file (type bmp)
<figures/3-7-5.png>
File: figures/3-7-6.png Graphic file (type bmp)
<figures/3-7-6.png>
File: figures/3-7-7.png Graphic file (type bmp)
<figures/3-7-7.png>
File: figures/3-7-8.png Graphic file (type bmp)
<figures/3-7-8.png>
File: figures/3-7-9.png Graphic file (type bmp)
<figures/3-7-9.png>
File: figures/3-7-10.png Graphic file (type bmp)
<figures/3-7-10.png>
File: figures/3-8-1.png Graphic file (type bmp)
<figures/3-8-1.png>
File: figures/3-8-2.png Graphic file (type bmp)
<figures/3-8-2.png>
File: figures/3-8-3.png Graphic file (type bmp)
<figures/3-8-3.png>
File: figures/3-8-4.png Graphic file (type bmp)
<figures/3-8-4.png>
File: figures/3-8-5.png Graphic file (type bmp)
<figures/3-8-5.png>
File: figures/3-8-6.png Graphic file (type bmp)
<figures/3-8-6.png>
File: figures/3-8-7.png Graphic file (type bmp)
<figures/3-8-7.png>
File: figures/3-8-8.png Graphic file (type bmp)
<figures/3-8-8.png>
File: figures/3-8-9.png Graphic file (type bmp)
<figures/3-8-9.png>
File: figures/3-8-10.png Graphic file (type bmp)
<figures/3-8-10.png>
 [39] [40] [41]
File: figures/3-9-1.png Graphic file (type bmp)
<figures/3-9-1.png>
File: figures/3-9-2.png Graphic file (type bmp)
<figures/3-9-2.png>
File: figures/3-9-3.png Graphic file (type bmp)
<figures/3-9-3.png>
File: figures/3-9-4.png Graphic file (type bmp)
<figures/3-9-4.png>
File: figures/3-9-5.png Graphic file (type bmp)
<figures/3-9-5.png>
File: figures/3-9-6.png Graphic file (type bmp)
<figures/3-9-6.png>
File: figures/3-9-7.png Graphic file (type bmp)
<figures/3-9-7.png>
File: figures/3-9-8.png Graphic file (type bmp)
<figures/3-9-8.png>
File: figures/3-9-9.png Graphic file (type bmp)
<figures/3-9-9.png>
File: figures/3-9-10.png Graphic file (type bmp)
<figures/3-9-10.png>
File: figures/3-10-1.png Graphic file (type bmp)
<figures/3-10-1.png>
File: figures/3-10-2.png Graphic file (type bmp)
<figures/3-10-2.png>
File: figures/3-10-3.png Graphic file (type bmp)
<figures/3-10-3.png>
File: figures/3-10-4.png Graphic file (type bmp)
<figures/3-10-4.png>
File: figures/3-10-5.png Graphic file (type bmp)
<figures/3-10-5.png>
File: figures/3-10-6.png Graphic file (type bmp)
<figures/3-10-6.png>
File: figures/3-10-7.png Graphic file (type bmp)
<figures/3-10-7.png>
File: figures/3-10-8.png Graphic file (type bmp)
<figures/3-10-8.png>
File: figures/3-10-9.png Graphic file (type bmp)
<figures/3-10-9.png>
File: figures/3-10-10.png Graphic file (type bmp)
<figures/3-10-10.png>
File: figures/3-11-1.png Graphic file (type bmp)
<figures/3-11-1.png>
File: figures/3-11-2.png Graphic file (type bmp)
<figures/3-11-2.png>
File: figures/3-11-3.png Graphic file (type bmp)
<figures/3-11-3.png>
File: figures/3-11-4.png Graphic file (type bmp)
<figures/3-11-4.png>
File: figures/3-11-5.png Graphic file (type bmp)
<figures/3-11-5.png>
File: figures/3-11-6.png Graphic file (type bmp)
<figures/3-11-6.png>
File: figures/3-11-7.png Graphic file (type bmp)
<figures/3-11-7.png>
File: figures/3-11-8.png Graphic file (type bmp)
<figures/3-11-8.png>
File: figures/3-11-9.png Graphic file (type bmp)
<figures/3-11-9.png>
File: figures/3-11-10.png Graphic file (type bmp)
<figures/3-11-10.png>
 [42]) [43]
\openout2 = `chapter/chap-4.aux'.

 (./chapter/chap-4.tex
第\nobreakspace {}4\nobreakspace {}章
File: figures/4-1.pdf Graphic file (type pdf)
<use figures/4-1.pdf>

Underfull \vbox (badness 4660) has occurred while \output is active []

 [44



]
Underfull \vbox (badness 1590) has occurred while \output is active []

 [45]
Overfull \hbox (5.30594pt too wide) in paragraph at lines 69--86
\TU/AdobeSongStd(0)/m/n/12.045 与 $[][][][][][][][]$ 严 格 相 等。|  所 以 将 式[]记 作 $[]
[][][][][][][]$。|  为 了 与 \TU/TimesNewRoman(0)/m/n/12.045 TACE \TU/AdobeSongStd(
0)/m/n/12.045 算 法 的 式[]有
 []

[46] [47]
File: figures/4-2-1.png Graphic file (type bmp)
<figures/4-2-1.png>
File: figures/4-2-3.png Graphic file (type bmp)
<figures/4-2-3.png>
File: figures/4-2-5.png Graphic file (type bmp)
<figures/4-2-5.png>
File: figures/4-2-7.png Graphic file (type bmp)
<figures/4-2-7.png>
File: figures/4-2-2.png Graphic file (type bmp)
<figures/4-2-2.png>
File: figures/4-2-4.png Graphic file (type bmp)
<figures/4-2-4.png>
File: figures/4-2-6.png Graphic file (type bmp)
<figures/4-2-6.png>
File: figures/4-2-8.png Graphic file (type bmp)
<figures/4-2-8.png>
File: figures/4-3-1.png Graphic file (type bmp)
<figures/4-3-1.png>
File: figures/4-3-3.png Graphic file (type bmp)
<figures/4-3-3.png>
File: figures/4-3-5.png Graphic file (type bmp)
<figures/4-3-5.png>
File: figures/4-3-7.png Graphic file (type bmp)
<figures/4-3-7.png>
File: figures/4-3-2.png Graphic file (type bmp)
<figures/4-3-2.png>
File: figures/4-3-4.png Graphic file (type bmp)
<figures/4-3-4.png>
File: figures/4-3-6.png Graphic file (type bmp)
<figures/4-3-6.png>
File: figures/4-3-8.png Graphic file (type bmp)
<figures/4-3-8.png>

Overfull \hbox (2.33798pt too wide) in paragraph at lines 171--172
[]\TU/AdobeSongStd(0)/m/n/12.045 从 图[][]\TU/TimesNewRoman(0)/m/n/12.045 4-2[][]
\TU/AdobeSongStd(0)/m/n/12.045 与 图[][]\TU/TimesNewRoman(0)/m/n/12.045 4-3[][]\T
U/AdobeSongStd(0)/m/n/12.045 可 以 看 出，| \TU/TimesNewRoman(0)/m/n/12.045 SOCE \TU
/AdobeSongStd(0)/m/n/12.045 算 法 重 构 图 像 质 量 优 于 单 个 固 定 掩 膜 的 \TU/TimesNewRoman
(0)/m/n/12.045 TACE
 []

File: figures/4-4-1.png Graphic file (type bmp)
<figures/4-4-1.png>
File: figures/4-4-2.png Graphic file (type bmp)
<figures/4-4-2.png>
File: figures/4-4-3.png Graphic file (type bmp)
<figures/4-4-3.png>
File: figures/4-4-4.png Graphic file (type bmp)
<figures/4-4-4.png>
File: figures/4-4-5.png Graphic file (type bmp)
<figures/4-4-5.png>
File: figures/4-4-6.png Graphic file (type bmp)
<figures/4-4-6.png>
[48] [49]
File: figures/4-5-1.png Graphic file (type bmp)
<figures/4-5-1.png>
File: figures/4-5-3.png Graphic file (type bmp)
<figures/4-5-3.png>
File: figures/4-5-5.png Graphic file (type bmp)
<figures/4-5-5.png>
File: figures/4-5-7.png Graphic file (type bmp)
<figures/4-5-7.png>
File: figures/4-5-2.png Graphic file (type bmp)
<figures/4-5-2.png>
File: figures/4-5-4.png Graphic file (type bmp)
<figures/4-5-4.png>
File: figures/4-5-6.png Graphic file (type bmp)
<figures/4-5-6.png>
File: figures/4-5-8.png Graphic file (type bmp)
<figures/4-5-8.png>
File: figures/4-6-1.png Graphic file (type bmp)
<figures/4-6-1.png>
File: figures/4-6-3.png Graphic file (type bmp)
<figures/4-6-3.png>
File: figures/4-6-5.png Graphic file (type bmp)
<figures/4-6-5.png>
File: figures/4-6-7.png Graphic file (type bmp)
<figures/4-6-7.png>
File: figures/4-6-2.png Graphic file (type bmp)
<figures/4-6-2.png>
File: figures/4-6-4.png Graphic file (type bmp)
<figures/4-6-4.png>
File: figures/4-6-6.png Graphic file (type bmp)
<figures/4-6-6.png>
File: figures/4-6-8.png Graphic file (type bmp)
<figures/4-6-8.png>
File: figures/4-7-1.png Graphic file (type bmp)
<figures/4-7-1.png>
File: figures/4-7-2.png Graphic file (type bmp)
<figures/4-7-2.png>
File: figures/4-7-3.png Graphic file (type bmp)
<figures/4-7-3.png>
File: figures/4-7-4.png Graphic file (type bmp)
<figures/4-7-4.png>
File: figures/4-7-5.png Graphic file (type bmp)
<figures/4-7-5.png>
File: figures/4-7-6.png Graphic file (type bmp)
<figures/4-7-6.png>
 [50]) [51]
\openout2 = `chapter/chap-5.aux'.

 (./chapter/chap-5.tex
第\nobreakspace {}5\nobreakspace {}章
File: figures/5-1.pdf Graphic file (type pdf)
<use figures/5-1.pdf>

Underfull \vbox (badness 3240) has occurred while \output is active []

 [52



]
[53] [54]
File: figures/5-2.pdf Graphic file (type pdf)
<use figures/5-2.pdf>
 [55]
File: figures/mnist1.jpg Graphic file (type bmp)
<figures/mnist1.jpg>
File: figures/mnist2.jpg Graphic file (type bmp)
<figures/mnist2.jpg>
File: figures/mnist3.jpg Graphic file (type bmp)
<figures/mnist3.jpg>
File: figures/mnist4.jpg Graphic file (type bmp)
<figures/mnist4.jpg>
File: figures/mnist5.jpg Graphic file (type bmp)
<figures/mnist5.jpg>
File: figures/mnist6.jpg Graphic file (type bmp)
<figures/mnist6.jpg>

Overfull \hbox (6.02249pt too wide) in paragraph at lines 177--178
 [][] 
 []

File: figures/5-3-1.png Graphic file (type bmp)
<figures/5-3-1.png>
File: figures/5-3-2.png Graphic file (type bmp)
<figures/5-3-2.png>
File: figures/5-3-3.png Graphic file (type bmp)
<figures/5-3-3.png>
File: figures/5-3-4.png Graphic file (type bmp)
<figures/5-3-4.png>
File: figures/5-3-5.png Graphic file (type bmp)
<figures/5-3-5.png>
File: figures/5-3-6.png Graphic file (type bmp)
<figures/5-3-6.png>

Overfull \hbox (6.02249pt too wide) in paragraph at lines 190--191
 [][] 
 []

File: figures/5-3-7.png Graphic file (type bmp)
<figures/5-3-7.png>
File: figures/5-3-8.png Graphic file (type bmp)
<figures/5-3-8.png>
File: figures/5-3-9.png Graphic file (type bmp)
<figures/5-3-9.png>
File: figures/5-3-10.png Graphic file (type bmp)
<figures/5-3-10.png>
File: figures/5-3-11.png Graphic file (type bmp)
<figures/5-3-11.png>
File: figures/5-3-12.png Graphic file (type bmp)
<figures/5-3-12.png>

Overfull \hbox (6.02249pt too wide) in paragraph at lines 203--204
 [][] 
 []

File: figures/celeba1.png Graphic file (type bmp)
<figures/celeba1.png>
File: figures/celeba2.png Graphic file (type bmp)
<figures/celeba2.png>
File: figures/celeba3.png Graphic file (type bmp)
<figures/celeba3.png>
File: figures/celeba4.png Graphic file (type bmp)
<figures/celeba4.png>
File: figures/celeba5.png Graphic file (type bmp)
<figures/celeba5.png>

Overfull \hbox (6.02249pt too wide) in paragraph at lines 220--221
 [][] 
 []

File: figures/5-4-1.png Graphic file (type bmp)
<figures/5-4-1.png>
File: figures/5-4-2.png Graphic file (type bmp)
<figures/5-4-2.png>
File: figures/5-4-3.png Graphic file (type bmp)
<figures/5-4-3.png>
File: figures/5-4-4.png Graphic file (type bmp)
<figures/5-4-4.png>
File: figures/5-4-5.png Graphic file (type bmp)
<figures/5-4-5.png>

Overfull \hbox (6.02249pt too wide) in paragraph at lines 232--233
 [][] 
 []

File: figures/5-4-6.png Graphic file (type bmp)
<figures/5-4-6.png>
File: figures/5-4-7.png Graphic file (type bmp)
<figures/5-4-7.png>
File: figures/5-4-8.png Graphic file (type bmp)
<figures/5-4-8.png>
File: figures/5-4-9.png Graphic file (type bmp)
<figures/5-4-9.png>
File: figures/5-4-10.png Graphic file (type bmp)
<figures/5-4-10.png>

Overfull \hbox (6.02249pt too wide) in paragraph at lines 244--245
 [][] 
 []

[56] [57]
File: figures/mnist1.jpg Graphic file (type bmp)
<figures/mnist1.jpg>
File: figures/mnist2.jpg Graphic file (type bmp)
<figures/mnist2.jpg>
File: figures/mnist3.jpg Graphic file (type bmp)
<figures/mnist3.jpg>
File: figures/mnist4.jpg Graphic file (type bmp)
<figures/mnist4.jpg>
File: figures/mnist5.jpg Graphic file (type bmp)
<figures/mnist5.jpg>
File: figures/mnist6.jpg Graphic file (type bmp)
<figures/mnist6.jpg>

Overfull \hbox (6.02249pt too wide) in paragraph at lines 266--267
 [][] 
 []

File: figures/5-6-1.png Graphic file (type bmp)
<figures/5-6-1.png>
File: figures/5-6-2.png Graphic file (type bmp)
<figures/5-6-2.png>
File: figures/5-6-3.png Graphic file (type bmp)
<figures/5-6-3.png>
File: figures/5-6-4.png Graphic file (type bmp)
<figures/5-6-4.png>
File: figures/5-6-5.png Graphic file (type bmp)
<figures/5-6-5.png>
File: figures/5-6-6.png Graphic file (type bmp)
<figures/5-6-6.png>

Overfull \hbox (6.02249pt too wide) in paragraph at lines 279--280
 [][] 
 []

File: figures/5-6-7.png Graphic file (type bmp)
<figures/5-6-7.png>
File: figures/5-6-8.png Graphic file (type bmp)
<figures/5-6-8.png>
File: figures/5-6-9.png Graphic file (type bmp)
<figures/5-6-9.png>
File: figures/5-6-10.png Graphic file (type bmp)
<figures/5-6-10.png>
File: figures/5-6-11.png Graphic file (type bmp)
<figures/5-6-11.png>
File: figures/5-6-12.png Graphic file (type bmp)
<figures/5-6-12.png>

Overfull \hbox (6.02249pt too wide) in paragraph at lines 292--293
 [][] 
 []

File: figures/mnist1.jpg Graphic file (type bmp)
<figures/mnist1.jpg>
File: figures/mnist2.jpg Graphic file (type bmp)
<figures/mnist2.jpg>
File: figures/mnist3.jpg Graphic file (type bmp)
<figures/mnist3.jpg>
File: figures/mnist4.jpg Graphic file (type bmp)
<figures/mnist4.jpg>
File: figures/mnist5.jpg Graphic file (type bmp)
<figures/mnist5.jpg>
File: figures/mnist6.jpg Graphic file (type bmp)
<figures/mnist6.jpg>

Overfull \hbox (6.02249pt too wide) in paragraph at lines 309--310
 [][] 
 []

File: figures/5-7-1.png Graphic file (type bmp)
<figures/5-7-1.png>
File: figures/5-7-2.png Graphic file (type bmp)
<figures/5-7-2.png>
File: figures/5-7-3.png Graphic file (type bmp)
<figures/5-7-3.png>
File: figures/5-7-4.png Graphic file (type bmp)
<figures/5-7-4.png>
File: figures/5-7-5.png Graphic file (type bmp)
<figures/5-7-5.png>
File: figures/5-7-6.png Graphic file (type bmp)
<figures/5-7-6.png>

Overfull \hbox (6.02249pt too wide) in paragraph at lines 322--323
 [][] 
 []

File: figures/5-7-7.png Graphic file (type bmp)
<figures/5-7-7.png>
File: figures/5-7-8.png Graphic file (type bmp)
<figures/5-7-8.png>
File: figures/5-7-9.png Graphic file (type bmp)
<figures/5-7-9.png>
File: figures/5-7-10.png Graphic file (type bmp)
<figures/5-7-10.png>
File: figures/5-7-11.png Graphic file (type bmp)
<figures/5-7-11.png>
File: figures/5-7-12.png Graphic file (type bmp)
<figures/5-7-12.png>

Overfull \hbox (6.02249pt too wide) in paragraph at lines 335--336
 [][] 
 []

[58]) [59]
\openout2 = `chapter/chap-conclusion.aux'.

 (./chapter/chap-conclusion.tex

Package hyperref Warning: Token not allowed in a PDF string (Unicode):
(hyperref)                \hskip 12.045pt
(hyperref)                replaced by space on input line 2.

[60



]) [61] (./template.bbl [62



] [63] [64] [65] [66]) [67]
\openout2 = `chapter/achive.aux'.

 (./chapter/achive.tex
Overfull \hbox (7.3848pt too wide) in paragraph at lines 24--26
[]\TU/AdobeSongStd(0)/m/n/10.53937 彭 英 杰\TU/TimesNewRoman(0)/m/n/10.53937 , \TU
/AdobeSongStd(0)/m/n/10.53937 柴 鸿 翔\TU/TimesNewRoman(0)/m/n/10.53937 . \TU/Adob
eSongStd(0)/m/n/10.53937 基 于 \TU/TimesNewRoman(0)/m/n/10.53937 IIC \TU/AdobeSon
gStd(0)/m/n/10.53937 协 议 的 级 联 \TU/TimesNewRoman(0)/m/n/10.53937 Arduino \TU/Ad
obeSongStd(0)/m/n/10.53937 开 发 板\TU/TimesNewRoman(0)/m/n/10.53937 : \TU/AdobeSo
ngStd(0)/m/n/10.53937 中 国\TU/TimesNewRoman(0)/m/n/10.53937 , 201821930072.6 [P]
. 2019.08.13. 
 []

) [68


]
\openout2 = `chapter/thanks.aux'.

 (./chapter/thanks.tex

Package hyperref Warning: Token not allowed in a PDF string (Unicode):
(hyperref)                \hskip 12.045pt
(hyperref)                replaced by space on input line 2.

) [69



]
Package atveryend Info: Empty hook `BeforeClearDocument' on input line 142.
Package atveryend Info: Empty hook `AfterLastShipout' on input line 142.
 (./template.aux (./chapter/abstract.aux) (./chapter/chap-intro.aux)
(./chapter/chap-2.aux) (./chapter/chap-3.aux) (./chapter/chap-4.aux)
(./chapter/chap-5.aux) (./chapter/chap-conclusion.aux) (./chapter/achive.aux)
(./chapter/thanks.aux))
Package atveryend Info: Empty hook `AtVeryEndDocument' on input line 142.
Package atveryend Info: Executing hook `AtEndAfterFileList' on input line 142.
Package rerunfilecheck Info: File `template.out' has not changed.
(rerunfilecheck)             Checksum: 8EA2FF435927DEE6C932E4E63585CB87;8264.


LaTeX Font Warning: Some font shapes were not available, defaults substituted.

Package atveryend Info: Empty hook `AtVeryVeryEnd' on input line 142.
 ) 
Here is how much of TeX's memory you used:
 38702 strings out of 492473
 768118 string characters out of 6128891
 929783 words of memory out of 5000000
 42549 multiletter control sequences out of 15000+600000
 548690 words of font info for 224 fonts, out of 8000000 for 9000
 1348 hyphenation exceptions out of 8191
 64i,14n,109p,915b,1051s stack positions out of 5000i,500n,10000p,200000b,80000s

Output written on template.pdf (83 pages).
